{"/Users/alexandr_prokopovich/Library/Mobile Documents/com~apple~CloudDocs/Documents/git/RS/Graphiql-app/src/api/getGraphql.ts": {"path":"/Users/alexandr_prokopovich/Library/Mobile Documents/com~apple~CloudDocs/Documents/git/RS/Graphiql-app/src/api/getGraphql.ts","statementMap":{"0":{"start":{"line":20,"column":31},"end":{"line":20,"column":33}},"1":{"start":{"line":21,"column":33},"end":{"line":21,"column":35}},"2":{"start":{"line":22,"column":2},"end":{"line":26,"column":5}},"3":{"start":{"line":23,"column":4},"end":{"line":25,"column":5}},"4":{"start":{"line":24,"column":6},"end":{"line":24,"column":33}},"5":{"start":{"line":27,"column":2},"end":{"line":31,"column":5}},"6":{"start":{"line":28,"column":4},"end":{"line":30,"column":5}},"7":{"start":{"line":29,"column":6},"end":{"line":29,"column":35}},"8":{"start":{"line":32,"column":2},"end":{"line":70,"column":3}},"9":{"start":{"line":33,"column":19},"end":{"line":45,"column":5}},"10":{"start":{"line":47,"column":4},"end":{"line":57,"column":5}},"11":{"start":{"line":48,"column":6},"end":{"line":51,"column":8}},"12":{"start":{"line":53,"column":6},"end":{"line":56,"column":8}},"13":{"start":{"line":59,"column":4},"end":{"line":69,"column":5}},"14":{"start":{"line":60,"column":6},"end":{"line":63,"column":8}},"15":{"start":{"line":65,"column":6},"end":{"line":68,"column":8}}},"fnMap":{"0":{"name":"getGraphql","decl":{"start":{"line":14,"column":30},"end":{"line":14,"column":40}},"loc":{"start":{"line":19,"column":16},"end":{"line":71,"column":1}},"line":19},"1":{"name":"(anonymous_1)","decl":{"start":{"line":22,"column":18},"end":{"line":22,"column":19}},"loc":{"start":{"line":22,"column":38},"end":{"line":26,"column":3}},"line":22},"2":{"name":"(anonymous_2)","decl":{"start":{"line":27,"column":20},"end":{"line":27,"column":21}},"loc":{"start":{"line":27,"column":40},"end":{"line":31,"column":3}},"line":27}},"branchMap":{"0":{"loc":{"start":{"line":23,"column":4},"end":{"line":25,"column":5}},"type":"if","locations":[{"start":{"line":23,"column":4},"end":{"line":25,"column":5}},{"start":{},"end":{}}],"line":23},"1":{"loc":{"start":{"line":28,"column":4},"end":{"line":30,"column":5}},"type":"if","locations":[{"start":{"line":28,"column":4},"end":{"line":30,"column":5}},{"start":{},"end":{}}],"line":28},"2":{"loc":{"start":{"line":47,"column":4},"end":{"line":57,"column":5}},"type":"if","locations":[{"start":{"line":47,"column":4},"end":{"line":57,"column":5}},{"start":{"line":52,"column":11},"end":{"line":57,"column":5}}],"line":47},"3":{"loc":{"start":{"line":59,"column":4},"end":{"line":69,"column":5}},"type":"if","locations":[{"start":{"line":59,"column":4},"end":{"line":69,"column":5}},{"start":{"line":64,"column":11},"end":{"line":69,"column":5}}],"line":59},"4":{"loc":{"start":{"line":59,"column":8},"end":{"line":59,"column":51}},"type":"binary-expr","locations":[{"start":{"line":59,"column":8},"end":{"line":59,"column":33}},{"start":{"line":59,"column":37},"end":{"line":59,"column":51}}],"line":59}},"s":{"0":0,"1":0,"2":0,"3":0,"4":0,"5":0,"6":0,"7":0,"8":0,"9":0,"10":0,"11":0,"12":0,"13":0,"14":0,"15":0},"f":{"0":0,"1":0,"2":0},"b":{"0":[0,0],"1":[0,0],"2":[0,0],"3":[0,0],"4":[0,0]}}
,"/Users/alexandr_prokopovich/Library/Mobile Documents/com~apple~CloudDocs/Documents/git/RS/Graphiql-app/src/api/getGraphqlDocs.ts": {"path":"/Users/alexandr_prokopovich/Library/Mobile Documents/com~apple~CloudDocs/Documents/git/RS/Graphiql-app/src/api/getGraphqlDocs.ts","statementMap":{"0":{"start":{"line":4,"column":2},"end":{"line":33,"column":3}},"1":{"start":{"line":5,"column":19},"end":{"line":23,"column":5}},"2":{"start":{"line":25,"column":4},"end":{"line":29,"column":5}},"3":{"start":{"line":26,"column":6},"end":{"line":26,"column":50}},"4":{"start":{"line":28,"column":6},"end":{"line":28,"column":18}},"5":{"start":{"line":31,"column":4},"end":{"line":31,"column":66}},"6":{"start":{"line":32,"column":4},"end":{"line":32,"column":16}}},"fnMap":{"0":{"name":"getGraphqlDocs","decl":{"start":{"line":3,"column":22},"end":{"line":3,"column":36}},"loc":{"start":{"line":3,"column":50},"end":{"line":34,"column":1}},"line":3}},"branchMap":{"0":{"loc":{"start":{"line":25,"column":4},"end":{"line":29,"column":5}},"type":"if","locations":[{"start":{"line":25,"column":4},"end":{"line":29,"column":5}},{"start":{"line":27,"column":11},"end":{"line":29,"column":5}}],"line":25}},"s":{"0":0,"1":0,"2":0,"3":0,"4":0,"5":0,"6":0},"f":{"0":0},"b":{"0":[0,0]}}
,"/Users/alexandr_prokopovich/Library/Mobile Documents/com~apple~CloudDocs/Documents/git/RS/Graphiql-app/src/components/Auth/SignInForm.tsx": {"path":"/Users/alexandr_prokopovich/Library/Mobile Documents/com~apple~CloudDocs/Documents/git/RS/Graphiql-app/src/components/Auth/SignInForm.tsx","statementMap":{"0":{"start":{"line":10,"column":29},"end":{"line":58,"column":1}},"1":{"start":{"line":11,"column":17},"end":{"line":11,"column":28}},"2":{"start":{"line":12,"column":19},"end":{"line":12,"column":28}},"3":{"start":{"line":14,"column":2},"end":{"line":18,"column":21}},"4":{"start":{"line":15,"column":4},"end":{"line":17,"column":5}},"5":{"start":{"line":16,"column":6},"end":{"line":16,"column":23}},"6":{"start":{"line":20,"column":2},"end":{"line":57,"column":4}},"7":{"start":{"line":27,"column":10},"end":{"line":27,"column":54}},"8":{"start":{"line":31,"column":10},"end":{"line":53,"column":17}}},"fnMap":{"0":{"name":"(anonymous_0)","decl":{"start":{"line":10,"column":29},"end":{"line":10,"column":30}},"loc":{"start":{"line":10,"column":35},"end":{"line":58,"column":1}},"line":10},"1":{"name":"(anonymous_1)","decl":{"start":{"line":14,"column":12},"end":{"line":14,"column":13}},"loc":{"start":{"line":14,"column":18},"end":{"line":18,"column":3}},"line":14},"2":{"name":"(anonymous_2)","decl":{"start":{"line":26,"column":18},"end":{"line":26,"column":19}},"loc":{"start":{"line":27,"column":10},"end":{"line":27,"column":54}},"line":27},"3":{"name":"(anonymous_3)","decl":{"start":{"line":30,"column":9},"end":{"line":30,"column":10}},"loc":{"start":{"line":31,"column":10},"end":{"line":53,"column":17}},"line":31}},"branchMap":{"0":{"loc":{"start":{"line":15,"column":4},"end":{"line":17,"column":5}},"type":"if","locations":[{"start":{"line":15,"column":4},"end":{"line":17,"column":5}},{"start":{},"end":{}}],"line":15}},"s":{"0":0,"1":0,"2":0,"3":0,"4":0,"5":0,"6":0,"7":0,"8":0},"f":{"0":0,"1":0,"2":0,"3":0},"b":{"0":[0,0]}}
,"/Users/alexandr_prokopovich/Library/Mobile Documents/com~apple~CloudDocs/Documents/git/RS/Graphiql-app/src/components/Auth/SignUpForm.tsx": {"path":"/Users/alexandr_prokopovich/Library/Mobile Documents/com~apple~CloudDocs/Documents/git/RS/Graphiql-app/src/components/Auth/SignUpForm.tsx","statementMap":{"0":{"start":{"line":9,"column":29},"end":{"line":57,"column":1}},"1":{"start":{"line":10,"column":17},"end":{"line":10,"column":28}},"2":{"start":{"line":11,"column":19},"end":{"line":11,"column":28}},"3":{"start":{"line":13,"column":2},"end":{"line":17,"column":21}},"4":{"start":{"line":14,"column":4},"end":{"line":16,"column":5}},"5":{"start":{"line":15,"column":6},"end":{"line":15,"column":23}},"6":{"start":{"line":19,"column":2},"end":{"line":56,"column":4}},"7":{"start":{"line":26,"column":10},"end":{"line":26,"column":53}},"8":{"start":{"line":30,"column":10},"end":{"line":52,"column":17}}},"fnMap":{"0":{"name":"(anonymous_0)","decl":{"start":{"line":9,"column":29},"end":{"line":9,"column":30}},"loc":{"start":{"line":9,"column":35},"end":{"line":57,"column":1}},"line":9},"1":{"name":"(anonymous_1)","decl":{"start":{"line":13,"column":12},"end":{"line":13,"column":13}},"loc":{"start":{"line":13,"column":18},"end":{"line":17,"column":3}},"line":13},"2":{"name":"(anonymous_2)","decl":{"start":{"line":25,"column":18},"end":{"line":25,"column":19}},"loc":{"start":{"line":26,"column":10},"end":{"line":26,"column":53}},"line":26},"3":{"name":"(anonymous_3)","decl":{"start":{"line":29,"column":9},"end":{"line":29,"column":10}},"loc":{"start":{"line":30,"column":10},"end":{"line":52,"column":17}},"line":30}},"branchMap":{"0":{"loc":{"start":{"line":14,"column":4},"end":{"line":16,"column":5}},"type":"if","locations":[{"start":{"line":14,"column":4},"end":{"line":16,"column":5}},{"start":{},"end":{}}],"line":14}},"s":{"0":0,"1":0,"2":0,"3":0,"4":0,"5":0,"6":0,"7":0,"8":0},"f":{"0":0,"1":0,"2":0,"3":0},"b":{"0":[0,0]}}
,"/Users/alexandr_prokopovich/Library/Mobile Documents/com~apple~CloudDocs/Documents/git/RS/Graphiql-app/src/components/Auth/handleSubmit.ts": {"path":"/Users/alexandr_prokopovich/Library/Mobile Documents/com~apple~CloudDocs/Documents/git/RS/Graphiql-app/src/components/Auth/handleSubmit.ts","statementMap":{"0":{"start":{"line":7,"column":28},"end":{"line":24,"column":1}},"1":{"start":{"line":13,"column":2},"end":{"line":22,"column":3}},"2":{"start":{"line":14,"column":4},"end":{"line":18,"column":5}},"3":{"start":{"line":15,"column":6},"end":{"line":15,"column":72}},"4":{"start":{"line":17,"column":6},"end":{"line":17,"column":69}},"5":{"start":{"line":19,"column":4},"end":{"line":19,"column":21}},"6":{"start":{"line":21,"column":4},"end":{"line":21,"column":40}},"7":{"start":{"line":23,"column":2},"end":{"line":23,"column":23}}},"fnMap":{"0":{"name":"(anonymous_0)","decl":{"start":{"line":7,"column":28},"end":{"line":7,"column":29}},"loc":{"start":{"line":12,"column":5},"end":{"line":24,"column":1}},"line":12}},"branchMap":{"0":{"loc":{"start":{"line":14,"column":4},"end":{"line":18,"column":5}},"type":"if","locations":[{"start":{"line":14,"column":4},"end":{"line":18,"column":5}},{"start":{"line":16,"column":11},"end":{"line":18,"column":5}}],"line":14}},"s":{"0":0,"1":0,"2":0,"3":0,"4":0,"5":0,"6":0,"7":0},"f":{"0":0},"b":{"0":[0,0]}}
,"/Users/alexandr_prokopovich/Library/Mobile Documents/com~apple~CloudDocs/Documents/git/RS/Graphiql-app/src/components/Footer/Footer.tsx": {"path":"/Users/alexandr_prokopovich/Library/Mobile Documents/com~apple~CloudDocs/Documents/git/RS/Graphiql-app/src/components/Footer/Footer.tsx","statementMap":{"0":{"start":{"line":6,"column":25},"end":{"line":52,"column":1}},"1":{"start":{"line":7,"column":2},"end":{"line":51,"column":4}}},"fnMap":{"0":{"name":"(anonymous_0)","decl":{"start":{"line":6,"column":25},"end":{"line":6,"column":26}},"loc":{"start":{"line":6,"column":31},"end":{"line":52,"column":1}},"line":6}},"branchMap":{},"s":{"0":0,"1":0},"f":{"0":0},"b":{}}
,"/Users/alexandr_prokopovich/Library/Mobile Documents/com~apple~CloudDocs/Documents/git/RS/Graphiql-app/src/components/GraphiQLClient/BodyWrapper.tsx": {"path":"/Users/alexandr_prokopovich/Library/Mobile Documents/com~apple~CloudDocs/Documents/git/RS/Graphiql-app/src/components/GraphiQLClient/BodyWrapper.tsx","statementMap":{"0":{"start":{"line":10,"column":51},"end":{"line":46,"column":1}},"1":{"start":{"line":11,"column":34},"end":{"line":11,"column":50}},"2":{"start":{"line":12,"column":26},"end":{"line":12,"column":38}},"3":{"start":{"line":13,"column":24},"end":{"line":13,"column":38}},"4":{"start":{"line":15,"column":2},"end":{"line":20,"column":14}},"5":{"start":{"line":16,"column":4},"end":{"line":19,"column":5}},"6":{"start":{"line":17,"column":6},"end":{"line":17,"column":21}},"7":{"start":{"line":18,"column":6},"end":{"line":18,"column":25}},"8":{"start":{"line":22,"column":21},"end":{"line":26,"column":3}},"9":{"start":{"line":23,"column":4},"end":{"line":23,"column":18}},"10":{"start":{"line":24,"column":4},"end":{"line":24,"column":20}},"11":{"start":{"line":25,"column":4},"end":{"line":25,"column":22}},"12":{"start":{"line":28,"column":20},"end":{"line":32,"column":3}},"13":{"start":{"line":29,"column":21},"end":{"line":29,"column":37}},"14":{"start":{"line":30,"column":22},"end":{"line":30,"column":44}},"15":{"start":{"line":31,"column":4},"end":{"line":31,"column":51}},"16":{"start":{"line":34,"column":22},"end":{"line":34,"column":61}},"17":{"start":{"line":34,"column":35},"end":{"line":34,"column":61}},"18":{"start":{"line":36,"column":2},"end":{"line":45,"column":4}},"19":{"start":{"line":41,"column":10},"end":{"line":41,"column":30}}},"fnMap":{"0":{"name":"(anonymous_0)","decl":{"start":{"line":10,"column":51},"end":{"line":10,"column":52}},"loc":{"start":{"line":10,"column":66},"end":{"line":46,"column":1}},"line":10},"1":{"name":"(anonymous_1)","decl":{"start":{"line":15,"column":12},"end":{"line":15,"column":13}},"loc":{"start":{"line":15,"column":18},"end":{"line":20,"column":3}},"line":15},"2":{"name":"(anonymous_2)","decl":{"start":{"line":22,"column":21},"end":{"line":22,"column":22}},"loc":{"start":{"line":22,"column":31},"end":{"line":26,"column":3}},"line":22},"3":{"name":"(anonymous_3)","decl":{"start":{"line":28,"column":20},"end":{"line":28,"column":21}},"loc":{"start":{"line":28,"column":31},"end":{"line":32,"column":3}},"line":28},"4":{"name":"(anonymous_4)","decl":{"start":{"line":34,"column":22},"end":{"line":34,"column":23}},"loc":{"start":{"line":34,"column":35},"end":{"line":34,"column":61}},"line":34},"5":{"name":"(anonymous_5)","decl":{"start":{"line":40,"column":17},"end":{"line":40,"column":18}},"loc":{"start":{"line":40,"column":30},"end":{"line":42,"column":9}},"line":40}},"branchMap":{"0":{"loc":{"start":{"line":16,"column":4},"end":{"line":19,"column":5}},"type":"if","locations":[{"start":{"line":16,"column":4},"end":{"line":19,"column":5}},{"start":{},"end":{}}],"line":16}},"s":{"0":0,"1":0,"2":0,"3":0,"4":0,"5":0,"6":0,"7":0,"8":0,"9":0,"10":0,"11":0,"12":0,"13":0,"14":0,"15":0,"16":0,"17":0,"18":0,"19":0},"f":{"0":0,"1":0,"2":0,"3":0,"4":0,"5":0},"b":{"0":[0,0]}}
,"/Users/alexandr_prokopovich/Library/Mobile Documents/com~apple~CloudDocs/Documents/git/RS/Graphiql-app/src/components/GraphiQLClient/DocsBlock.tsx": {"path":"/Users/alexandr_prokopovich/Library/Mobile Documents/com~apple~CloudDocs/Documents/git/RS/Graphiql-app/src/components/GraphiQLClient/DocsBlock.tsx","statementMap":{"0":{"start":{"line":3,"column":46},"end":{"line":14,"column":1}},"1":{"start":{"line":4,"column":2},"end":{"line":13,"column":4}}},"fnMap":{"0":{"name":"(anonymous_0)","decl":{"start":{"line":3,"column":46},"end":{"line":3,"column":47}},"loc":{"start":{"line":3,"column":60},"end":{"line":14,"column":1}},"line":3}},"branchMap":{"0":{"loc":{"start":{"line":6,"column":7},"end":{"line":11,"column":7}},"type":"binary-expr","locations":[{"start":{"line":6,"column":7},"end":{"line":6,"column":11}},{"start":{"line":7,"column":8},"end":{"line":10,"column":14}}],"line":6}},"s":{"0":0,"1":0},"f":{"0":0},"b":{"0":[0,0]}}
,"/Users/alexandr_prokopovich/Library/Mobile Documents/com~apple~CloudDocs/Documents/git/RS/Graphiql-app/src/components/GraphiQLClient/GraphiQLClient.tsx": {"path":"/Users/alexandr_prokopovich/Library/Mobile Documents/com~apple~CloudDocs/Documents/git/RS/Graphiql-app/src/components/GraphiQLClient/GraphiQLClient.tsx","statementMap":{"0":{"start":{"line":21,"column":33},"end":{"line":63,"column":1}},"1":{"start":{"line":22,"column":30},"end":{"line":22,"column":44}},"2":{"start":{"line":23,"column":34},"end":{"line":23,"column":46}},"3":{"start":{"line":24,"column":26},"end":{"line":24,"column":38}},"4":{"start":{"line":25,"column":34},"end":{"line":25,"column":46}},"5":{"start":{"line":26,"column":38},"end":{"line":26,"column":50}},"6":{"start":{"line":28,"column":18},"end":{"line":28,"column":37}},"7":{"start":{"line":29,"column":27},"end":{"line":29,"column":34}},"8":{"start":{"line":31,"column":28},"end":{"line":31,"column":45}},"9":{"start":{"line":33,"column":44},"end":{"line":52,"column":3}},"10":{"start":{"line":34,"column":4},"end":{"line":34,"column":65}},"11":{"start":{"line":35,"column":4},"end":{"line":35,"column":73}},"12":{"start":{"line":37,"column":4},"end":{"line":51,"column":5}},"13":{"start":{"line":38,"column":6},"end":{"line":50,"column":7}},"14":{"start":{"line":39,"column":8},"end":{"line":39,"column":26}},"15":{"start":{"line":40,"column":8},"end":{"line":40,"column":28}},"16":{"start":{"line":41,"column":8},"end":{"line":44,"column":11}},"17":{"start":{"line":42,"column":10},"end":{"line":42,"column":48}},"18":{"start":{"line":42,"column":26},"end":{"line":42,"column":48}},"19":{"start":{"line":43,"column":10},"end":{"line":43,"column":54}},"20":{"start":{"line":43,"column":28},"end":{"line":43,"column":54}},"21":{"start":{"line":45,"column":8},"end":{"line":47,"column":11}},"22":{"start":{"line":46,"column":10},"end":{"line":46,"column":32}},"23":{"start":{"line":46,"column":19},"end":{"line":46,"column":32}},"24":{"start":{"line":49,"column":8},"end":{"line":49,"column":35}},"25":{"start":{"line":54,"column":2},"end":{"line":62,"column":4}}},"fnMap":{"0":{"name":"(anonymous_0)","decl":{"start":{"line":21,"column":33},"end":{"line":21,"column":34}},"loc":{"start":{"line":21,"column":39},"end":{"line":63,"column":1}},"line":21},"1":{"name":"(anonymous_1)","decl":{"start":{"line":33,"column":44},"end":{"line":33,"column":45}},"loc":{"start":{"line":33,"column":54},"end":{"line":52,"column":3}},"line":33},"2":{"name":"(anonymous_2)","decl":{"start":{"line":41,"column":30},"end":{"line":41,"column":31}},"loc":{"start":{"line":41,"column":39},"end":{"line":44,"column":9}},"line":41},"3":{"name":"(anonymous_3)","decl":{"start":{"line":45,"column":38},"end":{"line":45,"column":39}},"loc":{"start":{"line":45,"column":47},"end":{"line":47,"column":9}},"line":45}},"branchMap":{"0":{"loc":{"start":{"line":34,"column":4},"end":{"line":34,"column":64}},"type":"cond-expr","locations":[{"start":{"line":34,"column":15},"end":{"line":34,"column":30}},{"start":{"line":34,"column":33},"end":{"line":34,"column":64}}],"line":34},"1":{"loc":{"start":{"line":35,"column":4},"end":{"line":35,"column":72}},"type":"cond-expr","locations":[{"start":{"line":35,"column":17},"end":{"line":35,"column":34}},{"start":{"line":35,"column":37},"end":{"line":35,"column":72}}],"line":35},"2":{"loc":{"start":{"line":37,"column":4},"end":{"line":51,"column":5}},"type":"if","locations":[{"start":{"line":37,"column":4},"end":{"line":51,"column":5}},{"start":{},"end":{}}],"line":37},"3":{"loc":{"start":{"line":37,"column":8},"end":{"line":37,"column":30}},"type":"binary-expr","locations":[{"start":{"line":37,"column":8},"end":{"line":37,"column":16}},{"start":{"line":37,"column":20},"end":{"line":37,"column":30}}],"line":37},"4":{"loc":{"start":{"line":42,"column":10},"end":{"line":42,"column":48}},"type":"if","locations":[{"start":{"line":42,"column":10},"end":{"line":42,"column":48}},{"start":{},"end":{}}],"line":42},"5":{"loc":{"start":{"line":43,"column":10},"end":{"line":43,"column":54}},"type":"if","locations":[{"start":{"line":43,"column":10},"end":{"line":43,"column":54}},{"start":{},"end":{}}],"line":43},"6":{"loc":{"start":{"line":46,"column":10},"end":{"line":46,"column":32}},"type":"if","locations":[{"start":{"line":46,"column":10},"end":{"line":46,"column":32}},{"start":{},"end":{}}],"line":46}},"s":{"0":0,"1":0,"2":0,"3":0,"4":0,"5":0,"6":0,"7":0,"8":0,"9":0,"10":0,"11":0,"12":0,"13":0,"14":0,"15":0,"16":0,"17":0,"18":0,"19":0,"20":0,"21":0,"22":0,"23":0,"24":0,"25":0},"f":{"0":0,"1":0,"2":0,"3":0},"b":{"0":[0,0],"1":[0,0],"2":[0,0],"3":[0,0],"4":[0,0],"5":[0,0],"6":[0,0]}}
,"/Users/alexandr_prokopovich/Library/Mobile Documents/com~apple~CloudDocs/Documents/git/RS/Graphiql-app/src/components/GraphiQLClient/HeadersWrapper.tsx": {"path":"/Users/alexandr_prokopovich/Library/Mobile Documents/com~apple~CloudDocs/Documents/git/RS/Graphiql-app/src/components/GraphiQLClient/HeadersWrapper.tsx","statementMap":{"0":{"start":{"line":11,"column":54},"end":{"line":56,"column":1}},"1":{"start":{"line":12,"column":23},"end":{"line":12,"column":39}},"2":{"start":{"line":13,"column":17},"end":{"line":13,"column":28}},"3":{"start":{"line":14,"column":32},"end":{"line":14,"column":54}},"4":{"start":{"line":16,"column":2},"end":{"line":24,"column":20}},"5":{"start":{"line":17,"column":4},"end":{"line":23,"column":5}},"6":{"start":{"line":18,"column":29},"end":{"line":20,"column":8}},"7":{"start":{"line":19,"column":8},"end":{"line":19,"column":62}},"8":{"start":{"line":21,"column":6},"end":{"line":21,"column":33}},"9":{"start":{"line":22,"column":6},"end":{"line":22,"column":37}},"10":{"start":{"line":26,"column":24},"end":{"line":31,"column":3}},"11":{"start":{"line":27,"column":4},"end":{"line":27,"column":24}},"12":{"start":{"line":28,"column":28},"end":{"line":28,"column":76}},"13":{"start":{"line":28,"column":63},"end":{"line":28,"column":75}},"14":{"start":{"line":29,"column":4},"end":{"line":29,"column":31}},"15":{"start":{"line":30,"column":4},"end":{"line":30,"column":36}},"16":{"start":{"line":33,"column":20},"end":{"line":42,"column":3}},"17":{"start":{"line":34,"column":26},"end":{"line":38,"column":16}},"18":{"start":{"line":36,"column":36},"end":{"line":36,"column":48}},"19":{"start":{"line":37,"column":33},"end":{"line":37,"column":65}},"20":{"start":{"line":40,"column":20},"end":{"line":40,"column":69}},"21":{"start":{"line":41,"column":4},"end":{"line":41,"column":51}},"22":{"start":{"line":44,"column":25},"end":{"line":44,"column":72}},"23":{"start":{"line":44,"column":41},"end":{"line":44,"column":72}},"24":{"start":{"line":46,"column":2},"end":{"line":55,"column":4}},"25":{"start":{"line":51,"column":10},"end":{"line":51,"column":36}}},"fnMap":{"0":{"name":"(anonymous_0)","decl":{"start":{"line":11,"column":54},"end":{"line":11,"column":55}},"loc":{"start":{"line":11,"column":75},"end":{"line":56,"column":1}},"line":11},"1":{"name":"(anonymous_1)","decl":{"start":{"line":16,"column":12},"end":{"line":16,"column":13}},"loc":{"start":{"line":16,"column":18},"end":{"line":24,"column":3}},"line":16},"2":{"name":"(anonymous_2)","decl":{"start":{"line":18,"column":61},"end":{"line":18,"column":62}},"loc":{"start":{"line":18,"column":79},"end":{"line":20,"column":7}},"line":18},"3":{"name":"(anonymous_3)","decl":{"start":{"line":26,"column":24},"end":{"line":26,"column":25}},"loc":{"start":{"line":26,"column":37},"end":{"line":31,"column":3}},"line":26},"4":{"name":"(anonymous_4)","decl":{"start":{"line":28,"column":43},"end":{"line":28,"column":44}},"loc":{"start":{"line":28,"column":63},"end":{"line":28,"column":75}},"line":28},"5":{"name":"(anonymous_5)","decl":{"start":{"line":33,"column":20},"end":{"line":33,"column":21}},"loc":{"start":{"line":33,"column":67},"end":{"line":42,"column":3}},"line":33},"6":{"name":"(anonymous_6)","decl":{"start":{"line":36,"column":16},"end":{"line":36,"column":17}},"loc":{"start":{"line":36,"column":36},"end":{"line":36,"column":48}},"line":36},"7":{"name":"(anonymous_7)","decl":{"start":{"line":37,"column":13},"end":{"line":37,"column":14}},"loc":{"start":{"line":37,"column":33},"end":{"line":37,"column":65}},"line":37},"8":{"name":"(anonymous_8)","decl":{"start":{"line":44,"column":25},"end":{"line":44,"column":26}},"loc":{"start":{"line":44,"column":41},"end":{"line":44,"column":72}},"line":44},"9":{"name":"(anonymous_9)","decl":{"start":{"line":50,"column":20},"end":{"line":50,"column":21}},"loc":{"start":{"line":50,"column":36},"end":{"line":52,"column":9}},"line":50}},"branchMap":{"0":{"loc":{"start":{"line":17,"column":4},"end":{"line":23,"column":5}},"type":"if","locations":[{"start":{"line":17,"column":4},"end":{"line":23,"column":5}},{"start":{},"end":{}}],"line":17},"1":{"loc":{"start":{"line":28,"column":63},"end":{"line":28,"column":75}},"type":"binary-expr","locations":[{"start":{"line":28,"column":63},"end":{"line":28,"column":66}},{"start":{"line":28,"column":70},"end":{"line":28,"column":75}}],"line":28},"2":{"loc":{"start":{"line":36,"column":36},"end":{"line":36,"column":48}},"type":"binary-expr","locations":[{"start":{"line":36,"column":36},"end":{"line":36,"column":39}},{"start":{"line":36,"column":43},"end":{"line":36,"column":48}}],"line":36}},"s":{"0":0,"1":0,"2":0,"3":0,"4":0,"5":0,"6":0,"7":0,"8":0,"9":0,"10":0,"11":0,"12":0,"13":0,"14":0,"15":0,"16":0,"17":0,"18":0,"19":0,"20":0,"21":0,"22":0,"23":0,"24":0,"25":0},"f":{"0":0,"1":0,"2":0,"3":0,"4":0,"5":0,"6":0,"7":0,"8":0,"9":0},"b":{"0":[0,0],"1":[0,0],"2":[0,0]}}
,"/Users/alexandr_prokopovich/Library/Mobile Documents/com~apple~CloudDocs/Documents/git/RS/Graphiql-app/src/components/GraphiQLClient/RequestBlock.tsx": {"path":"/Users/alexandr_prokopovich/Library/Mobile Documents/com~apple~CloudDocs/Documents/git/RS/Graphiql-app/src/components/GraphiQLClient/RequestBlock.tsx","statementMap":{"0":{"start":{"line":18,"column":50},"end":{"line":64,"column":1}},"1":{"start":{"line":22,"column":40},"end":{"line":22,"column":52}},"2":{"start":{"line":23,"column":36},"end":{"line":23,"column":48}},"3":{"start":{"line":24,"column":28},"end":{"line":24,"column":40}},"4":{"start":{"line":25,"column":24},"end":{"line":25,"column":36}},"5":{"start":{"line":27,"column":17},"end":{"line":27,"column":28}},"6":{"start":{"line":28,"column":35},"end":{"line":28,"column":47}},"7":{"start":{"line":30,"column":2},"end":{"line":45,"column":23}},"8":{"start":{"line":31,"column":4},"end":{"line":40,"column":5}},"9":{"start":{"line":32,"column":6},"end":{"line":34,"column":7}},"10":{"start":{"line":33,"column":8},"end":{"line":33,"column":38}},"11":{"start":{"line":35,"column":6},"end":{"line":39,"column":7}},"12":{"start":{"line":36,"column":21},"end":{"line":36,"column":54}},"13":{"start":{"line":37,"column":8},"end":{"line":37,"column":45}},"14":{"start":{"line":37,"column":24},"end":{"line":37,"column":45}},"15":{"start":{"line":38,"column":8},"end":{"line":38,"column":57}},"16":{"start":{"line":38,"column":28},"end":{"line":38,"column":57}},"17":{"start":{"line":42,"column":4},"end":{"line":44,"column":5}},"18":{"start":{"line":43,"column":6},"end":{"line":43,"column":34}},"19":{"start":{"line":47,"column":2},"end":{"line":63,"column":4}}},"fnMap":{"0":{"name":"(anonymous_0)","decl":{"start":{"line":18,"column":50},"end":{"line":18,"column":51}},"loc":{"start":{"line":21,"column":6},"end":{"line":64,"column":1}},"line":21},"1":{"name":"(anonymous_1)","decl":{"start":{"line":30,"column":12},"end":{"line":30,"column":13}},"loc":{"start":{"line":30,"column":18},"end":{"line":45,"column":3}},"line":30}},"branchMap":{"0":{"loc":{"start":{"line":31,"column":4},"end":{"line":40,"column":5}},"type":"if","locations":[{"start":{"line":31,"column":4},"end":{"line":40,"column":5}},{"start":{},"end":{}}],"line":31},"1":{"loc":{"start":{"line":32,"column":6},"end":{"line":34,"column":7}},"type":"if","locations":[{"start":{"line":32,"column":6},"end":{"line":34,"column":7}},{"start":{},"end":{}}],"line":32},"2":{"loc":{"start":{"line":32,"column":10},"end":{"line":32,"column":46}},"type":"binary-expr","locations":[{"start":{"line":32,"column":10},"end":{"line":32,"column":17}},{"start":{"line":32,"column":21},"end":{"line":32,"column":46}}],"line":32},"3":{"loc":{"start":{"line":35,"column":6},"end":{"line":39,"column":7}},"type":"if","locations":[{"start":{"line":35,"column":6},"end":{"line":39,"column":7}},{"start":{},"end":{}}],"line":35},"4":{"loc":{"start":{"line":35,"column":10},"end":{"line":35,"column":46}},"type":"binary-expr","locations":[{"start":{"line":35,"column":10},"end":{"line":35,"column":17}},{"start":{"line":35,"column":21},"end":{"line":35,"column":46}}],"line":35},"5":{"loc":{"start":{"line":37,"column":8},"end":{"line":37,"column":45}},"type":"if","locations":[{"start":{"line":37,"column":8},"end":{"line":37,"column":45}},{"start":{},"end":{}}],"line":37},"6":{"loc":{"start":{"line":38,"column":8},"end":{"line":38,"column":57}},"type":"if","locations":[{"start":{"line":38,"column":8},"end":{"line":38,"column":57}},{"start":{},"end":{}}],"line":38},"7":{"loc":{"start":{"line":42,"column":4},"end":{"line":44,"column":5}},"type":"if","locations":[{"start":{"line":42,"column":4},"end":{"line":44,"column":5}},{"start":{},"end":{}}],"line":42}},"s":{"0":0,"1":0,"2":0,"3":0,"4":0,"5":0,"6":0,"7":0,"8":0,"9":0,"10":0,"11":0,"12":0,"13":0,"14":0,"15":0,"16":0,"17":0,"18":0,"19":0},"f":{"0":0,"1":0},"b":{"0":[0,0],"1":[0,0],"2":[0,0],"3":[0,0],"4":[0,0],"5":[0,0],"6":[0,0],"7":[0,0]}}
,"/Users/alexandr_prokopovich/Library/Mobile Documents/com~apple~CloudDocs/Documents/git/RS/Graphiql-app/src/components/GraphiQLClient/SdlInput.tsx": {"path":"/Users/alexandr_prokopovich/Library/Mobile Documents/com~apple~CloudDocs/Documents/git/RS/Graphiql-app/src/components/GraphiQLClient/SdlInput.tsx","statementMap":{"0":{"start":{"line":5,"column":27},"end":{"line":30,"column":1}},"1":{"start":{"line":6,"column":50},"end":{"line":6,"column":66}},"2":{"start":{"line":8,"column":14},"end":{"line":8,"column":26}},"3":{"start":{"line":9,"column":23},"end":{"line":9,"column":72}},"4":{"start":{"line":11,"column":2},"end":{"line":15,"column":12}},"5":{"start":{"line":12,"column":4},"end":{"line":14,"column":5}},"6":{"start":{"line":13,"column":6},"end":{"line":13,"column":36}},"7":{"start":{"line":17,"column":2},"end":{"line":29,"column":4}},"8":{"start":{"line":25,"column":10},"end":{"line":25,"column":70}}},"fnMap":{"0":{"name":"(anonymous_0)","decl":{"start":{"line":5,"column":27},"end":{"line":5,"column":28}},"loc":{"start":{"line":5,"column":33},"end":{"line":30,"column":1}},"line":5},"1":{"name":"(anonymous_1)","decl":{"start":{"line":11,"column":12},"end":{"line":11,"column":13}},"loc":{"start":{"line":11,"column":18},"end":{"line":15,"column":3}},"line":11},"2":{"name":"(anonymous_2)","decl":{"start":{"line":24,"column":16},"end":{"line":24,"column":17}},"loc":{"start":{"line":25,"column":10},"end":{"line":25,"column":70}},"line":25}},"branchMap":{"0":{"loc":{"start":{"line":9,"column":23},"end":{"line":9,"column":72}},"type":"cond-expr","locations":[{"start":{"line":9,"column":42},"end":{"line":9,"column":67}},{"start":{"line":9,"column":70},"end":{"line":9,"column":72}}],"line":9},"1":{"loc":{"start":{"line":12,"column":4},"end":{"line":14,"column":5}},"type":"if","locations":[{"start":{"line":12,"column":4},"end":{"line":14,"column":5}},{"start":{},"end":{}}],"line":12}},"s":{"0":0,"1":0,"2":0,"3":0,"4":0,"5":0,"6":0,"7":0,"8":0},"f":{"0":0,"1":0,"2":0},"b":{"0":[0,0],"1":[0,0]}}
,"/Users/alexandr_prokopovich/Library/Mobile Documents/com~apple~CloudDocs/Documents/git/RS/Graphiql-app/src/components/GraphiQLClient/UrlBlock.tsx": {"path":"/Users/alexandr_prokopovich/Library/Mobile Documents/com~apple~CloudDocs/Documents/git/RS/Graphiql-app/src/components/GraphiQLClient/UrlBlock.tsx","statementMap":{"0":{"start":{"line":4,"column":27},"end":{"line":35,"column":1}},"1":{"start":{"line":5,"column":33},"end":{"line":5,"column":49}},"2":{"start":{"line":6,"column":24},"end":{"line":6,"column":38}},"3":{"start":{"line":7,"column":22},"end":{"line":7,"column":59}},"4":{"start":{"line":9,"column":20},"end":{"line":13,"column":3}},"5":{"start":{"line":10,"column":18},"end":{"line":10,"column":36}},"6":{"start":{"line":11,"column":22},"end":{"line":11,"column":44}},"7":{"start":{"line":12,"column":4},"end":{"line":12,"column":51}},"8":{"start":{"line":15,"column":2},"end":{"line":34,"column":4}},"9":{"start":{"line":23,"column":10},"end":{"line":30,"column":12}},"10":{"start":{"line":27,"column":14},"end":{"line":27,"column":32}},"11":{"start":{"line":28,"column":14},"end":{"line":28,"column":40}}},"fnMap":{"0":{"name":"(anonymous_0)","decl":{"start":{"line":4,"column":27},"end":{"line":4,"column":28}},"loc":{"start":{"line":4,"column":33},"end":{"line":35,"column":1}},"line":4},"1":{"name":"(anonymous_1)","decl":{"start":{"line":9,"column":20},"end":{"line":9,"column":21}},"loc":{"start":{"line":9,"column":34},"end":{"line":13,"column":3}},"line":9},"2":{"name":"(anonymous_2)","decl":{"start":{"line":22,"column":16},"end":{"line":22,"column":17}},"loc":{"start":{"line":23,"column":10},"end":{"line":30,"column":12}},"line":23},"3":{"name":"(anonymous_3)","decl":{"start":{"line":26,"column":22},"end":{"line":26,"column":23}},"loc":{"start":{"line":26,"column":29},"end":{"line":29,"column":13}},"line":26}},"branchMap":{},"s":{"0":0,"1":0,"2":0,"3":0,"4":0,"5":0,"6":0,"7":0,"8":0,"9":0,"10":0,"11":0},"f":{"0":0,"1":0,"2":0,"3":0},"b":{}}
,"/Users/alexandr_prokopovich/Library/Mobile Documents/com~apple~CloudDocs/Documents/git/RS/Graphiql-app/src/components/GraphiQLClient/UrlWrapper.tsx": {"path":"/Users/alexandr_prokopovich/Library/Mobile Documents/com~apple~CloudDocs/Documents/git/RS/Graphiql-app/src/components/GraphiQLClient/UrlWrapper.tsx","statementMap":{"0":{"start":{"line":10,"column":50},"end":{"line":46,"column":1}},"1":{"start":{"line":11,"column":34},"end":{"line":11,"column":50}},"2":{"start":{"line":12,"column":24},"end":{"line":12,"column":36}},"3":{"start":{"line":13,"column":24},"end":{"line":13,"column":38}},"4":{"start":{"line":15,"column":2},"end":{"line":20,"column":14}},"5":{"start":{"line":16,"column":4},"end":{"line":19,"column":5}},"6":{"start":{"line":17,"column":6},"end":{"line":17,"column":20}},"7":{"start":{"line":18,"column":6},"end":{"line":18,"column":24}},"8":{"start":{"line":22,"column":20},"end":{"line":26,"column":3}},"9":{"start":{"line":23,"column":4},"end":{"line":23,"column":16}},"10":{"start":{"line":24,"column":4},"end":{"line":24,"column":19}},"11":{"start":{"line":25,"column":4},"end":{"line":25,"column":20}},"12":{"start":{"line":28,"column":20},"end":{"line":32,"column":3}},"13":{"start":{"line":29,"column":18},"end":{"line":29,"column":36}},"14":{"start":{"line":30,"column":22},"end":{"line":30,"column":44}},"15":{"start":{"line":31,"column":4},"end":{"line":31,"column":51}},"16":{"start":{"line":34,"column":21},"end":{"line":34,"column":56}},"17":{"start":{"line":34,"column":33},"end":{"line":34,"column":56}},"18":{"start":{"line":36,"column":2},"end":{"line":45,"column":4}},"19":{"start":{"line":41,"column":10},"end":{"line":41,"column":28}}},"fnMap":{"0":{"name":"(anonymous_0)","decl":{"start":{"line":10,"column":50},"end":{"line":10,"column":51}},"loc":{"start":{"line":10,"column":65},"end":{"line":46,"column":1}},"line":10},"1":{"name":"(anonymous_1)","decl":{"start":{"line":15,"column":12},"end":{"line":15,"column":13}},"loc":{"start":{"line":15,"column":18},"end":{"line":20,"column":3}},"line":15},"2":{"name":"(anonymous_2)","decl":{"start":{"line":22,"column":20},"end":{"line":22,"column":21}},"loc":{"start":{"line":22,"column":29},"end":{"line":26,"column":3}},"line":22},"3":{"name":"(anonymous_3)","decl":{"start":{"line":28,"column":20},"end":{"line":28,"column":21}},"loc":{"start":{"line":28,"column":34},"end":{"line":32,"column":3}},"line":28},"4":{"name":"(anonymous_4)","decl":{"start":{"line":34,"column":21},"end":{"line":34,"column":22}},"loc":{"start":{"line":34,"column":33},"end":{"line":34,"column":56}},"line":34},"5":{"name":"(anonymous_5)","decl":{"start":{"line":40,"column":16},"end":{"line":40,"column":17}},"loc":{"start":{"line":40,"column":28},"end":{"line":42,"column":9}},"line":40}},"branchMap":{"0":{"loc":{"start":{"line":16,"column":4},"end":{"line":19,"column":5}},"type":"if","locations":[{"start":{"line":16,"column":4},"end":{"line":19,"column":5}},{"start":{},"end":{}}],"line":16}},"s":{"0":0,"1":0,"2":0,"3":0,"4":0,"5":0,"6":0,"7":0,"8":0,"9":0,"10":0,"11":0,"12":0,"13":0,"14":0,"15":0,"16":0,"17":0,"18":0,"19":0},"f":{"0":0,"1":0,"2":0,"3":0,"4":0,"5":0},"b":{"0":[0,0]}}
,"/Users/alexandr_prokopovich/Library/Mobile Documents/com~apple~CloudDocs/Documents/git/RS/Graphiql-app/src/components/GraphiQLClient/VariablesWrapper.tsx": {"path":"/Users/alexandr_prokopovich/Library/Mobile Documents/com~apple~CloudDocs/Documents/git/RS/Graphiql-app/src/components/GraphiQLClient/VariablesWrapper.tsx","statementMap":{"0":{"start":{"line":10,"column":56},"end":{"line":53,"column":1}},"1":{"start":{"line":11,"column":34},"end":{"line":11,"column":50}},"2":{"start":{"line":12,"column":36},"end":{"line":12,"column":48}},"3":{"start":{"line":13,"column":24},"end":{"line":13,"column":38}},"4":{"start":{"line":15,"column":2},"end":{"line":23,"column":14}},"5":{"start":{"line":16,"column":4},"end":{"line":22,"column":5}},"6":{"start":{"line":17,"column":29},"end":{"line":19,"column":8}},"7":{"start":{"line":18,"column":8},"end":{"line":18,"column":30}},"8":{"start":{"line":20,"column":6},"end":{"line":20,"column":35}},"9":{"start":{"line":21,"column":6},"end":{"line":21,"column":39}},"10":{"start":{"line":25,"column":26},"end":{"line":32,"column":3}},"11":{"start":{"line":26,"column":4},"end":{"line":26,"column":28}},"12":{"start":{"line":27,"column":30},"end":{"line":29,"column":5}},"13":{"start":{"line":28,"column":26},"end":{"line":28,"column":38}},"14":{"start":{"line":30,"column":4},"end":{"line":30,"column":33}},"15":{"start":{"line":31,"column":4},"end":{"line":31,"column":40}},"16":{"start":{"line":34,"column":20},"end":{"line":38,"column":3}},"17":{"start":{"line":35,"column":21},"end":{"line":35,"column":37}},"18":{"start":{"line":36,"column":18},"end":{"line":36,"column":36}},"19":{"start":{"line":37,"column":4},"end":{"line":37,"column":51}},"20":{"start":{"line":40,"column":27},"end":{"line":41,"column":39}},"21":{"start":{"line":41,"column":4},"end":{"line":41,"column":39}},"22":{"start":{"line":43,"column":2},"end":{"line":52,"column":4}},"23":{"start":{"line":48,"column":10},"end":{"line":48,"column":40}}},"fnMap":{"0":{"name":"(anonymous_0)","decl":{"start":{"line":10,"column":56},"end":{"line":10,"column":57}},"loc":{"start":{"line":10,"column":71},"end":{"line":53,"column":1}},"line":10},"1":{"name":"(anonymous_1)","decl":{"start":{"line":15,"column":12},"end":{"line":15,"column":13}},"loc":{"start":{"line":15,"column":18},"end":{"line":23,"column":3}},"line":15},"2":{"name":"(anonymous_2)","decl":{"start":{"line":17,"column":55},"end":{"line":17,"column":56}},"loc":{"start":{"line":17,"column":73},"end":{"line":19,"column":7}},"line":17},"3":{"name":"(anonymous_3)","decl":{"start":{"line":25,"column":26},"end":{"line":25,"column":27}},"loc":{"start":{"line":25,"column":41},"end":{"line":32,"column":3}},"line":25},"4":{"name":"(anonymous_4)","decl":{"start":{"line":28,"column":6},"end":{"line":28,"column":7}},"loc":{"start":{"line":28,"column":26},"end":{"line":28,"column":38}},"line":28},"5":{"name":"(anonymous_5)","decl":{"start":{"line":34,"column":20},"end":{"line":34,"column":21}},"loc":{"start":{"line":34,"column":35},"end":{"line":38,"column":3}},"line":34},"6":{"name":"(anonymous_6)","decl":{"start":{"line":40,"column":27},"end":{"line":40,"column":28}},"loc":{"start":{"line":41,"column":4},"end":{"line":41,"column":39}},"line":41},"7":{"name":"(anonymous_7)","decl":{"start":{"line":47,"column":22},"end":{"line":47,"column":23}},"loc":{"start":{"line":47,"column":40},"end":{"line":49,"column":9}},"line":47}},"branchMap":{"0":{"loc":{"start":{"line":16,"column":4},"end":{"line":22,"column":5}},"type":"if","locations":[{"start":{"line":16,"column":4},"end":{"line":22,"column":5}},{"start":{},"end":{}}],"line":16},"1":{"loc":{"start":{"line":28,"column":26},"end":{"line":28,"column":38}},"type":"binary-expr","locations":[{"start":{"line":28,"column":26},"end":{"line":28,"column":29}},{"start":{"line":28,"column":33},"end":{"line":28,"column":38}}],"line":28}},"s":{"0":0,"1":0,"2":0,"3":0,"4":0,"5":0,"6":0,"7":0,"8":0,"9":0,"10":0,"11":0,"12":0,"13":0,"14":0,"15":0,"16":0,"17":0,"18":0,"19":0,"20":0,"21":0,"22":0,"23":0},"f":{"0":0,"1":0,"2":0,"3":0,"4":0,"5":0,"6":0,"7":0},"b":{"0":[0,0],"1":[0,0]}}
,"/Users/alexandr_prokopovich/Library/Mobile Documents/com~apple~CloudDocs/Documents/git/RS/Graphiql-app/src/components/Header/Header.tsx": {"path":"/Users/alexandr_prokopovich/Library/Mobile Documents/com~apple~CloudDocs/Documents/git/RS/Graphiql-app/src/components/Header/Header.tsx","statementMap":{"0":{"start":{"line":8,"column":25},"end":{"line":80,"column":1}},"1":{"start":{"line":9,"column":32},"end":{"line":9,"column":47}},"2":{"start":{"line":10,"column":34},"end":{"line":10,"column":48}},"3":{"start":{"line":11,"column":26},"end":{"line":11,"column":61}},"4":{"start":{"line":13,"column":2},"end":{"line":24,"column":9}},"5":{"start":{"line":14,"column":25},"end":{"line":20,"column":5}},"6":{"start":{"line":15,"column":6},"end":{"line":19,"column":7}},"7":{"start":{"line":16,"column":8},"end":{"line":16,"column":24}},"8":{"start":{"line":18,"column":8},"end":{"line":18,"column":25}},"9":{"start":{"line":22,"column":4},"end":{"line":22,"column":52}},"10":{"start":{"line":23,"column":4},"end":{"line":23,"column":68}},"11":{"start":{"line":23,"column":17},"end":{"line":23,"column":67}},"12":{"start":{"line":26,"column":2},"end":{"line":32,"column":9}},"13":{"start":{"line":27,"column":24},"end":{"line":29,"column":6}},"14":{"start":{"line":28,"column":6},"end":{"line":28,"column":27}},"15":{"start":{"line":31,"column":4},"end":{"line":31,"column":31}},"16":{"start":{"line":31,"column":17},"end":{"line":31,"column":30}},"17":{"start":{"line":34,"column":25},"end":{"line":36,"column":3}},"18":{"start":{"line":35,"column":4},"end":{"line":35,"column":73}},"19":{"start":{"line":35,"column":35},"end":{"line":35,"column":70}},"20":{"start":{"line":38,"column":24},"end":{"line":40,"column":3}},"21":{"start":{"line":39,"column":4},"end":{"line":39,"column":19}},"22":{"start":{"line":42,"column":2},"end":{"line":79,"column":4}}},"fnMap":{"0":{"name":"(anonymous_0)","decl":{"start":{"line":8,"column":25},"end":{"line":8,"column":26}},"loc":{"start":{"line":8,"column":31},"end":{"line":80,"column":1}},"line":8},"1":{"name":"(anonymous_1)","decl":{"start":{"line":13,"column":12},"end":{"line":13,"column":13}},"loc":{"start":{"line":13,"column":18},"end":{"line":24,"column":3}},"line":13},"2":{"name":"(anonymous_2)","decl":{"start":{"line":14,"column":25},"end":{"line":14,"column":26}},"loc":{"start":{"line":14,"column":31},"end":{"line":20,"column":5}},"line":14},"3":{"name":"(anonymous_3)","decl":{"start":{"line":23,"column":11},"end":{"line":23,"column":12}},"loc":{"start":{"line":23,"column":17},"end":{"line":23,"column":67}},"line":23},"4":{"name":"(anonymous_4)","decl":{"start":{"line":26,"column":12},"end":{"line":26,"column":13}},"loc":{"start":{"line":26,"column":18},"end":{"line":32,"column":3}},"line":26},"5":{"name":"(anonymous_5)","decl":{"start":{"line":27,"column":49},"end":{"line":27,"column":50}},"loc":{"start":{"line":27,"column":66},"end":{"line":29,"column":5}},"line":27},"6":{"name":"(anonymous_6)","decl":{"start":{"line":31,"column":11},"end":{"line":31,"column":12}},"loc":{"start":{"line":31,"column":17},"end":{"line":31,"column":30}},"line":31},"7":{"name":"(anonymous_7)","decl":{"start":{"line":34,"column":25},"end":{"line":34,"column":26}},"loc":{"start":{"line":34,"column":31},"end":{"line":36,"column":3}},"line":34},"8":{"name":"(anonymous_8)","decl":{"start":{"line":35,"column":16},"end":{"line":35,"column":17}},"loc":{"start":{"line":35,"column":35},"end":{"line":35,"column":70}},"line":35},"9":{"name":"(anonymous_9)","decl":{"start":{"line":38,"column":24},"end":{"line":38,"column":25}},"loc":{"start":{"line":38,"column":30},"end":{"line":40,"column":3}},"line":38}},"branchMap":{"0":{"loc":{"start":{"line":15,"column":6},"end":{"line":19,"column":7}},"type":"if","locations":[{"start":{"line":15,"column":6},"end":{"line":19,"column":7}},{"start":{"line":17,"column":13},"end":{"line":19,"column":7}}],"line":15},"1":{"loc":{"start":{"line":35,"column":35},"end":{"line":35,"column":70}},"type":"cond-expr","locations":[{"start":{"line":35,"column":59},"end":{"line":35,"column":63}},{"start":{"line":35,"column":66},"end":{"line":35,"column":70}}],"line":35},"2":{"loc":{"start":{"line":43,"column":43},"end":{"line":43,"column":72}},"type":"cond-expr","locations":[{"start":{"line":43,"column":54},"end":{"line":43,"column":67}},{"start":{"line":43,"column":70},"end":{"line":43,"column":72}}],"line":43},"3":{"loc":{"start":{"line":58,"column":9},"end":{"line":76,"column":9}},"type":"cond-expr","locations":[{"start":{"line":59,"column":10},"end":{"line":66,"column":13}},{"start":{"line":68,"column":10},"end":{"line":75,"column":13}}],"line":58}},"s":{"0":0,"1":0,"2":0,"3":0,"4":0,"5":0,"6":0,"7":0,"8":0,"9":0,"10":0,"11":0,"12":0,"13":0,"14":0,"15":0,"16":0,"17":0,"18":0,"19":0,"20":0,"21":0,"22":0},"f":{"0":0,"1":0,"2":0,"3":0,"4":0,"5":0,"6":0,"7":0,"8":0,"9":0},"b":{"0":[0,0],"1":[0,0],"2":[0,0],"3":[0,0]}}
,"/Users/alexandr_prokopovich/Library/Mobile Documents/com~apple~CloudDocs/Documents/git/RS/Graphiql-app/src/components/History/History.tsx": {"path":"/Users/alexandr_prokopovich/Library/Mobile Documents/com~apple~CloudDocs/Documents/git/RS/Graphiql-app/src/components/History/History.tsx","statementMap":{"0":{"start":{"line":15,"column":26},"end":{"line":132,"column":1}},"1":{"start":{"line":16,"column":32},"end":{"line":16,"column":59}},"2":{"start":{"line":17,"column":17},"end":{"line":17,"column":28}},"3":{"start":{"line":19,"column":2},"end":{"line":25,"column":9}},"4":{"start":{"line":20,"column":26},"end":{"line":20,"column":64}},"5":{"start":{"line":21,"column":4},"end":{"line":24,"column":5}},"6":{"start":{"line":22,"column":28},"end":{"line":22,"column":53}},"7":{"start":{"line":23,"column":6},"end":{"line":23,"column":32}},"8":{"start":{"line":27,"column":29},"end":{"line":34,"column":3}},"9":{"start":{"line":28,"column":23},"end":{"line":28,"column":40}},"10":{"start":{"line":29,"column":24},"end":{"line":29,"column":64}},"11":{"start":{"line":30,"column":18},"end":{"line":32,"column":6}},"12":{"start":{"line":33,"column":4},"end":{"line":33,"column":23}},"13":{"start":{"line":36,"column":29},"end":{"line":38,"column":3}},"14":{"start":{"line":37,"column":4},"end":{"line":37,"column":48}},"15":{"start":{"line":37,"column":22},"end":{"line":37,"column":48}},"16":{"start":{"line":40,"column":23},"end":{"line":42,"column":3}},"17":{"start":{"line":41,"column":4},"end":{"line":41,"column":61}},"18":{"start":{"line":43,"column":26},"end":{"line":45,"column":3}},"19":{"start":{"line":44,"column":17},"end":{"line":44,"column":45}},"20":{"start":{"line":47,"column":2},"end":{"line":131,"column":4}},"21":{"start":{"line":56,"column":27},"end":{"line":56,"column":53}},"22":{"start":{"line":62,"column":27},"end":{"line":62,"column":50}},"23":{"start":{"line":82,"column":20},"end":{"line":90,"column":25}},"24":{"start":{"line":84,"column":37},"end":{"line":84,"column":64}},"25":{"start":{"line":112,"column":20},"end":{"line":120,"column":25}},"26":{"start":{"line":114,"column":37},"end":{"line":114,"column":64}}},"fnMap":{"0":{"name":"(anonymous_0)","decl":{"start":{"line":15,"column":26},"end":{"line":15,"column":27}},"loc":{"start":{"line":15,"column":32},"end":{"line":132,"column":1}},"line":15},"1":{"name":"(anonymous_1)","decl":{"start":{"line":19,"column":12},"end":{"line":19,"column":13}},"loc":{"start":{"line":19,"column":18},"end":{"line":25,"column":3}},"line":19},"2":{"name":"(anonymous_2)","decl":{"start":{"line":27,"column":29},"end":{"line":27,"column":30}},"loc":{"start":{"line":27,"column":55},"end":{"line":34,"column":3}},"line":27},"3":{"name":"(anonymous_3)","decl":{"start":{"line":36,"column":29},"end":{"line":36,"column":30}},"loc":{"start":{"line":36,"column":55},"end":{"line":38,"column":3}},"line":36},"4":{"name":"(anonymous_4)","decl":{"start":{"line":40,"column":38},"end":{"line":40,"column":39}},"loc":{"start":{"line":41,"column":4},"end":{"line":41,"column":61}},"line":41},"5":{"name":"(anonymous_5)","decl":{"start":{"line":44,"column":4},"end":{"line":44,"column":5}},"loc":{"start":{"line":44,"column":17},"end":{"line":44,"column":45}},"line":44},"6":{"name":"(anonymous_6)","decl":{"start":{"line":56,"column":21},"end":{"line":56,"column":22}},"loc":{"start":{"line":56,"column":27},"end":{"line":56,"column":53}},"line":56},"7":{"name":"(anonymous_7)","decl":{"start":{"line":62,"column":21},"end":{"line":62,"column":22}},"loc":{"start":{"line":62,"column":27},"end":{"line":62,"column":50}},"line":62},"8":{"name":"(anonymous_8)","decl":{"start":{"line":81,"column":36},"end":{"line":81,"column":37}},"loc":{"start":{"line":82,"column":20},"end":{"line":90,"column":25}},"line":82},"9":{"name":"(anonymous_9)","decl":{"start":{"line":84,"column":31},"end":{"line":84,"column":32}},"loc":{"start":{"line":84,"column":37},"end":{"line":84,"column":64}},"line":84},"10":{"name":"(anonymous_10)","decl":{"start":{"line":111,"column":39},"end":{"line":111,"column":40}},"loc":{"start":{"line":112,"column":20},"end":{"line":120,"column":25}},"line":112},"11":{"name":"(anonymous_11)","decl":{"start":{"line":114,"column":31},"end":{"line":114,"column":32}},"loc":{"start":{"line":114,"column":37},"end":{"line":114,"column":64}},"line":114}},"branchMap":{"0":{"loc":{"start":{"line":21,"column":4},"end":{"line":24,"column":5}},"type":"if","locations":[{"start":{"line":21,"column":4},"end":{"line":24,"column":5}},{"start":{},"end":{}}],"line":21},"1":{"loc":{"start":{"line":29,"column":24},"end":{"line":29,"column":64}},"type":"cond-expr","locations":[{"start":{"line":29,"column":39},"end":{"line":29,"column":57}},{"start":{"line":29,"column":60},"end":{"line":29,"column":64}}],"line":29},"2":{"loc":{"start":{"line":31,"column":6},"end":{"line":31,"column":42}},"type":"cond-expr","locations":[{"start":{"line":31,"column":20},"end":{"line":31,"column":37}},{"start":{"line":31,"column":40},"end":{"line":31,"column":42}}],"line":31},"3":{"loc":{"start":{"line":37,"column":4},"end":{"line":37,"column":48}},"type":"if","locations":[{"start":{"line":37,"column":4},"end":{"line":37,"column":48}},{"start":{},"end":{}}],"line":37},"4":{"loc":{"start":{"line":50,"column":7},"end":{"line":129,"column":7}},"type":"cond-expr","locations":[{"start":{"line":51,"column":8},"end":{"line":66,"column":14}},{"start":{"line":68,"column":8},"end":{"line":128,"column":14}}],"line":50},"5":{"loc":{"start":{"line":71,"column":13},"end":{"line":96,"column":13}},"type":"cond-expr","locations":[{"start":{"line":72,"column":14},"end":{"line":93,"column":22}},{"start":{"line":95,"column":14},"end":{"line":95,"column":44}}],"line":71},"6":{"loc":{"start":{"line":101,"column":13},"end":{"line":126,"column":13}},"type":"cond-expr","locations":[{"start":{"line":102,"column":14},"end":{"line":123,"column":22}},{"start":{"line":125,"column":14},"end":{"line":125,"column":47}}],"line":101}},"s":{"0":0,"1":0,"2":0,"3":0,"4":0,"5":0,"6":0,"7":0,"8":0,"9":0,"10":0,"11":0,"12":0,"13":0,"14":0,"15":0,"16":0,"17":0,"18":0,"19":0,"20":0,"21":0,"22":0,"23":0,"24":0,"25":0,"26":0},"f":{"0":0,"1":0,"2":0,"3":0,"4":0,"5":0,"6":0,"7":0,"8":0,"9":0,"10":0,"11":0},"b":{"0":[0,0],"1":[0,0],"2":[0,0],"3":[0,0],"4":[0,0],"5":[0,0],"6":[0,0]}}
,"/Users/alexandr_prokopovich/Library/Mobile Documents/com~apple~CloudDocs/Documents/git/RS/Graphiql-app/src/components/Info/Info.tsx": {"path":"/Users/alexandr_prokopovich/Library/Mobile Documents/com~apple~CloudDocs/Documents/git/RS/Graphiql-app/src/components/Info/Info.tsx","statementMap":{"0":{"start":{"line":5,"column":23},"end":{"line":23,"column":1}},"1":{"start":{"line":6,"column":2},"end":{"line":22,"column":8}}},"fnMap":{"0":{"name":"(anonymous_0)","decl":{"start":{"line":5,"column":23},"end":{"line":5,"column":24}},"loc":{"start":{"line":6,"column":2},"end":{"line":22,"column":8}},"line":6}},"branchMap":{},"s":{"0":0,"1":0},"f":{"0":0},"b":{}}
,"/Users/alexandr_prokopovich/Library/Mobile Documents/com~apple~CloudDocs/Documents/git/RS/Graphiql-app/src/components/RestClient/HttpRequestForm.tsx": {"path":"/Users/alexandr_prokopovich/Library/Mobile Documents/com~apple~CloudDocs/Documents/git/RS/Graphiql-app/src/components/RestClient/HttpRequestForm.tsx","statementMap":{"0":{"start":{"line":28,"column":56},"end":{"line":144,"column":1}},"1":{"start":{"line":48,"column":6},"end":{"line":48,"column":27}},"2":{"start":{"line":51,"column":4},"end":{"line":51,"column":20}},"3":{"start":{"line":52,"column":35},"end":{"line":58,"column":3}},"4":{"start":{"line":60,"column":30},"end":{"line":60,"column":61}},"5":{"start":{"line":62,"column":2},"end":{"line":67,"column":63}},"6":{"start":{"line":63,"column":4},"end":{"line":63,"column":29}},"7":{"start":{"line":64,"column":4},"end":{"line":64,"column":23}},"8":{"start":{"line":65,"column":4},"end":{"line":65,"column":25}},"9":{"start":{"line":66,"column":4},"end":{"line":66,"column":31}},"10":{"start":{"line":69,"column":27},"end":{"line":75,"column":3}},"11":{"start":{"line":77,"column":28},"end":{"line":111,"column":4}},"12":{"start":{"line":78,"column":4},"end":{"line":81,"column":5}},"13":{"start":{"line":79,"column":6},"end":{"line":79,"column":34}},"14":{"start":{"line":80,"column":6},"end":{"line":80,"column":13}},"15":{"start":{"line":83,"column":4},"end":{"line":83,"column":18}},"16":{"start":{"line":84,"column":22},"end":{"line":84,"column":26}},"17":{"start":{"line":86,"column":4},"end":{"line":97,"column":5}},"18":{"start":{"line":87,"column":28},"end":{"line":87,"column":66}},"19":{"start":{"line":88,"column":30},"end":{"line":88,"column":70}},"20":{"start":{"line":90,"column":27},"end":{"line":94,"column":7}},"21":{"start":{"line":96,"column":6},"end":{"line":96,"column":58}},"22":{"start":{"line":99,"column":4},"end":{"line":99,"column":57}},"23":{"start":{"line":100,"column":4},"end":{"line":100,"column":27}},"24":{"start":{"line":113,"column":2},"end":{"line":143,"column":4}},"25":{"start":{"line":116,"column":8},"end":{"line":116,"column":27}},"26":{"start":{"line":117,"column":8},"end":{"line":117,"column":28}}},"fnMap":{"0":{"name":"(anonymous_0)","decl":{"start":{"line":28,"column":56},"end":{"line":28,"column":57}},"loc":{"start":{"line":33,"column":6},"end":{"line":144,"column":1}},"line":33},"1":{"name":"(anonymous_1)","decl":{"start":{"line":62,"column":12},"end":{"line":62,"column":13}},"loc":{"start":{"line":62,"column":18},"end":{"line":67,"column":3}},"line":62},"2":{"name":"(anonymous_2)","decl":{"start":{"line":77,"column":40},"end":{"line":77,"column":41}},"loc":{"start":{"line":77,"column":52},"end":{"line":101,"column":3}},"line":77},"3":{"name":"(anonymous_3)","decl":{"start":{"line":115,"column":16},"end":{"line":115,"column":17}},"loc":{"start":{"line":115,"column":23},"end":{"line":118,"column":7}},"line":115}},"branchMap":{"0":{"loc":{"start":{"line":78,"column":4},"end":{"line":81,"column":5}},"type":"if","locations":[{"start":{"line":78,"column":4},"end":{"line":81,"column":5}},{"start":{},"end":{}}],"line":78},"1":{"loc":{"start":{"line":86,"column":4},"end":{"line":97,"column":5}},"type":"if","locations":[{"start":{"line":86,"column":4},"end":{"line":97,"column":5}},{"start":{},"end":{}}],"line":86},"2":{"loc":{"start":{"line":91,"column":14},"end":{"line":91,"column":42}},"type":"cond-expr","locations":[{"start":{"line":91,"column":21},"end":{"line":91,"column":37}},{"start":{"line":91,"column":40},"end":{"line":91,"column":42}}],"line":91},"3":{"loc":{"start":{"line":132,"column":7},"end":{"line":132,"column":71}},"type":"binary-expr","locations":[{"start":{"line":132,"column":7},"end":{"line":132,"column":23}},{"start":{"line":132,"column":27},"end":{"line":132,"column":71}}],"line":132}},"s":{"0":0,"1":0,"2":0,"3":0,"4":0,"5":0,"6":0,"7":0,"8":0,"9":0,"10":0,"11":0,"12":0,"13":0,"14":0,"15":0,"16":0,"17":0,"18":0,"19":0,"20":0,"21":0,"22":0,"23":0,"24":0,"25":0,"26":0},"f":{"0":0,"1":0,"2":0,"3":0},"b":{"0":[0,0],"1":[0,0],"2":[0,0],"3":[0,0]}}
,"/Users/alexandr_prokopovich/Library/Mobile Documents/com~apple~CloudDocs/Documents/git/RS/Graphiql-app/src/components/RestClient/RequestConfigSection.tsx": {"path":"/Users/alexandr_prokopovich/Library/Mobile Documents/com~apple~CloudDocs/Documents/git/RS/Graphiql-app/src/components/RestClient/RequestConfigSection.tsx","statementMap":{"0":{"start":{"line":15,"column":66},"end":{"line":48,"column":1}},"1":{"start":{"line":23,"column":2},"end":{"line":47,"column":4}},"2":{"start":{"line":30,"column":12},"end":{"line":30,"column":36}},"3":{"start":{"line":31,"column":12},"end":{"line":31,"column":33}},"4":{"start":{"line":41,"column":12},"end":{"line":41,"column":36}},"5":{"start":{"line":42,"column":12},"end":{"line":42,"column":27}}},"fnMap":{"0":{"name":"(anonymous_0)","decl":{"start":{"line":15,"column":66},"end":{"line":15,"column":67}},"loc":{"start":{"line":22,"column":6},"end":{"line":48,"column":1}},"line":22},"1":{"name":"(anonymous_1)","decl":{"start":{"line":29,"column":21},"end":{"line":29,"column":22}},"loc":{"start":{"line":29,"column":36},"end":{"line":32,"column":11}},"line":29},"2":{"name":"(anonymous_2)","decl":{"start":{"line":40,"column":18},"end":{"line":40,"column":19}},"loc":{"start":{"line":40,"column":30},"end":{"line":43,"column":11}},"line":40}},"branchMap":{},"s":{"0":0,"1":0,"2":0,"3":0,"4":0,"5":0},"f":{"0":0,"1":0,"2":0},"b":{}}
,"/Users/alexandr_prokopovich/Library/Mobile Documents/com~apple~CloudDocs/Documents/git/RS/Graphiql-app/src/components/common/BodyEditor/BodyEditor.tsx": {"path":"/Users/alexandr_prokopovich/Library/Mobile Documents/com~apple~CloudDocs/Documents/git/RS/Graphiql-app/src/components/common/BodyEditor/BodyEditor.tsx","statementMap":{"0":{"start":{"line":11,"column":46},"end":{"line":41,"column":1}},"1":{"start":{"line":12,"column":23},"end":{"line":22,"column":3}},"2":{"start":{"line":13,"column":4},"end":{"line":21,"column":5}},"3":{"start":{"line":14,"column":25},"end":{"line":14,"column":41}},"4":{"start":{"line":15,"column":25},"end":{"line":15,"column":60}},"5":{"start":{"line":16,"column":6},"end":{"line":16,"column":26}},"6":{"start":{"line":18,"column":6},"end":{"line":20,"column":9}},"7":{"start":{"line":24,"column":2},"end":{"line":40,"column":4}},"8":{"start":{"line":28,"column":25},"end":{"line":28,"column":48}}},"fnMap":{"0":{"name":"(anonymous_0)","decl":{"start":{"line":11,"column":46},"end":{"line":11,"column":47}},"loc":{"start":{"line":11,"column":69},"end":{"line":41,"column":1}},"line":11},"1":{"name":"(anonymous_1)","decl":{"start":{"line":12,"column":23},"end":{"line":12,"column":24}},"loc":{"start":{"line":12,"column":29},"end":{"line":22,"column":3}},"line":12},"2":{"name":"(anonymous_2)","decl":{"start":{"line":28,"column":18},"end":{"line":28,"column":19}},"loc":{"start":{"line":28,"column":25},"end":{"line":28,"column":48}},"line":28}},"branchMap":{"0":{"loc":{"start":{"line":27,"column":15},"end":{"line":27,"column":25}},"type":"binary-expr","locations":[{"start":{"line":27,"column":15},"end":{"line":27,"column":19}},{"start":{"line":27,"column":23},"end":{"line":27,"column":25}}],"line":27}},"s":{"0":0,"1":0,"2":0,"3":0,"4":0,"5":0,"6":0,"7":0,"8":0},"f":{"0":0,"1":0,"2":0},"b":{"0":[0,0]}}
,"/Users/alexandr_prokopovich/Library/Mobile Documents/com~apple~CloudDocs/Documents/git/RS/Graphiql-app/src/components/common/ErrorsSection/ ErrorsSection.tsx": {"path":"/Users/alexandr_prokopovich/Library/Mobile Documents/com~apple~CloudDocs/Documents/git/RS/Graphiql-app/src/components/common/ErrorsSection/ ErrorsSection.tsx","statementMap":{"0":{"start":{"line":13,"column":52},"end":{"line":29,"column":1}},"1":{"start":{"line":14,"column":2},"end":{"line":16,"column":3}},"2":{"start":{"line":15,"column":4},"end":{"line":15,"column":16}},"3":{"start":{"line":18,"column":2},"end":{"line":28,"column":4}},"4":{"start":{"line":22,"column":10},"end":{"line":24,"column":15}}},"fnMap":{"0":{"name":"(anonymous_0)","decl":{"start":{"line":13,"column":52},"end":{"line":13,"column":53}},"loc":{"start":{"line":13,"column":68},"end":{"line":29,"column":1}},"line":13},"1":{"name":"(anonymous_1)","decl":{"start":{"line":21,"column":20},"end":{"line":21,"column":21}},"loc":{"start":{"line":22,"column":10},"end":{"line":24,"column":15}},"line":22}},"branchMap":{"0":{"loc":{"start":{"line":14,"column":2},"end":{"line":16,"column":3}},"type":"if","locations":[{"start":{"line":14,"column":2},"end":{"line":16,"column":3}},{"start":{},"end":{}}],"line":14}},"s":{"0":0,"1":0,"2":0,"3":0,"4":0},"f":{"0":0,"1":0},"b":{"0":[0,0]}}
,"/Users/alexandr_prokopovich/Library/Mobile Documents/com~apple~CloudDocs/Documents/git/RS/Graphiql-app/src/components/common/HeadersEditor/HeadersEditor.tsx": {"path":"/Users/alexandr_prokopovich/Library/Mobile Documents/com~apple~CloudDocs/Documents/git/RS/Graphiql-app/src/components/common/HeadersEditor/HeadersEditor.tsx","statementMap":{"0":{"start":{"line":14,"column":52},"end":{"line":71,"column":1}},"1":{"start":{"line":18,"column":20},"end":{"line":21,"column":3}},"2":{"start":{"line":19,"column":4},"end":{"line":19,"column":23}},"3":{"start":{"line":20,"column":4},"end":{"line":20,"column":53}},"4":{"start":{"line":23,"column":23},"end":{"line":28,"column":3}},"5":{"start":{"line":24,"column":27},"end":{"line":26,"column":5}},"6":{"start":{"line":25,"column":6},"end":{"line":25,"column":43}},"7":{"start":{"line":27,"column":4},"end":{"line":27,"column":31}},"8":{"start":{"line":30,"column":23},"end":{"line":33,"column":3}},"9":{"start":{"line":31,"column":27},"end":{"line":31,"column":64}},"10":{"start":{"line":31,"column":52},"end":{"line":31,"column":63}},"11":{"start":{"line":32,"column":4},"end":{"line":32,"column":31}},"12":{"start":{"line":35,"column":2},"end":{"line":70,"column":4}},"13":{"start":{"line":45,"column":8},"end":{"line":67,"column":14}},"14":{"start":{"line":51,"column":29},"end":{"line":51,"column":78}},"15":{"start":{"line":58,"column":29},"end":{"line":58,"column":76}},"16":{"start":{"line":63,"column":27},"end":{"line":63,"column":46}}},"fnMap":{"0":{"name":"(anonymous_0)","decl":{"start":{"line":14,"column":52},"end":{"line":14,"column":53}},"loc":{"start":{"line":17,"column":6},"end":{"line":71,"column":1}},"line":17},"1":{"name":"(anonymous_1)","decl":{"start":{"line":18,"column":20},"end":{"line":18,"column":21}},"loc":{"start":{"line":18,"column":45},"end":{"line":21,"column":3}},"line":18},"2":{"name":"(anonymous_2)","decl":{"start":{"line":23,"column":23},"end":{"line":23,"column":24}},"loc":{"start":{"line":23,"column":70},"end":{"line":28,"column":3}},"line":23},"3":{"name":"(anonymous_3)","decl":{"start":{"line":24,"column":39},"end":{"line":24,"column":40}},"loc":{"start":{"line":25,"column":6},"end":{"line":25,"column":43}},"line":25},"4":{"name":"(anonymous_4)","decl":{"start":{"line":30,"column":23},"end":{"line":30,"column":24}},"loc":{"start":{"line":30,"column":42},"end":{"line":33,"column":3}},"line":30},"5":{"name":"(anonymous_5)","decl":{"start":{"line":31,"column":42},"end":{"line":31,"column":43}},"loc":{"start":{"line":31,"column":52},"end":{"line":31,"column":63}},"line":31},"6":{"name":"(anonymous_6)","decl":{"start":{"line":44,"column":19},"end":{"line":44,"column":20}},"loc":{"start":{"line":45,"column":8},"end":{"line":67,"column":14}},"line":45},"7":{"name":"(anonymous_7)","decl":{"start":{"line":51,"column":22},"end":{"line":51,"column":23}},"loc":{"start":{"line":51,"column":29},"end":{"line":51,"column":78}},"line":51},"8":{"name":"(anonymous_8)","decl":{"start":{"line":58,"column":22},"end":{"line":58,"column":23}},"loc":{"start":{"line":58,"column":29},"end":{"line":58,"column":76}},"line":58},"9":{"name":"(anonymous_9)","decl":{"start":{"line":63,"column":21},"end":{"line":63,"column":22}},"loc":{"start":{"line":63,"column":27},"end":{"line":63,"column":46}},"line":63}},"branchMap":{"0":{"loc":{"start":{"line":25,"column":6},"end":{"line":25,"column":43}},"type":"cond-expr","locations":[{"start":{"line":25,"column":20},"end":{"line":25,"column":34}},{"start":{"line":25,"column":37},"end":{"line":25,"column":43}}],"line":25}},"s":{"0":0,"1":0,"2":0,"3":0,"4":0,"5":0,"6":0,"7":0,"8":0,"9":0,"10":0,"11":0,"12":0,"13":0,"14":0,"15":0,"16":0},"f":{"0":0,"1":0,"2":0,"3":0,"4":0,"5":0,"6":0,"7":0,"8":0,"9":0},"b":{"0":[0,0]}}
,"/Users/alexandr_prokopovich/Library/Mobile Documents/com~apple~CloudDocs/Documents/git/RS/Graphiql-app/src/components/common/MethodSelector/MethodSelector.tsx": {"path":"/Users/alexandr_prokopovich/Library/Mobile Documents/com~apple~CloudDocs/Documents/git/RS/Graphiql-app/src/components/common/MethodSelector/MethodSelector.tsx","statementMap":{"0":{"start":{"line":10,"column":54},"end":{"line":37,"column":1}},"1":{"start":{"line":15,"column":36},"end":{"line":15,"column":51}},"2":{"start":{"line":17,"column":21},"end":{"line":20,"column":3}},"3":{"start":{"line":18,"column":4},"end":{"line":18,"column":24}},"4":{"start":{"line":19,"column":4},"end":{"line":19,"column":23}},"5":{"start":{"line":22,"column":2},"end":{"line":36,"column":4}},"6":{"start":{"line":25,"column":23},"end":{"line":25,"column":48}},"7":{"start":{"line":26,"column":21},"end":{"line":26,"column":39}},"8":{"start":{"line":31,"column":8},"end":{"line":33,"column":17}}},"fnMap":{"0":{"name":"(anonymous_0)","decl":{"start":{"line":10,"column":54},"end":{"line":10,"column":55}},"loc":{"start":{"line":14,"column":6},"end":{"line":37,"column":1}},"line":14},"1":{"name":"(anonymous_1)","decl":{"start":{"line":17,"column":21},"end":{"line":17,"column":22}},"loc":{"start":{"line":17,"column":27},"end":{"line":20,"column":3}},"line":17},"2":{"name":"(anonymous_2)","decl":{"start":{"line":25,"column":16},"end":{"line":25,"column":17}},"loc":{"start":{"line":25,"column":23},"end":{"line":25,"column":48}},"line":25},"3":{"name":"(anonymous_3)","decl":{"start":{"line":26,"column":15},"end":{"line":26,"column":16}},"loc":{"start":{"line":26,"column":21},"end":{"line":26,"column":39}},"line":26},"4":{"name":"(anonymous_4)","decl":{"start":{"line":30,"column":53},"end":{"line":30,"column":54}},"loc":{"start":{"line":31,"column":8},"end":{"line":33,"column":17}},"line":31}},"branchMap":{"0":{"loc":{"start":{"line":28,"column":45},"end":{"line":28,"column":75}},"type":"cond-expr","locations":[{"start":{"line":28,"column":57},"end":{"line":28,"column":70}},{"start":{"line":28,"column":73},"end":{"line":28,"column":75}}],"line":28}},"s":{"0":0,"1":0,"2":0,"3":0,"4":0,"5":0,"6":0,"7":0,"8":0},"f":{"0":0,"1":0,"2":0,"3":0,"4":0},"b":{"0":[0,0]}}
,"/Users/alexandr_prokopovich/Library/Mobile Documents/com~apple~CloudDocs/Documents/git/RS/Graphiql-app/src/components/common/ResponseSection/ResponseSection.tsx": {"path":"/Users/alexandr_prokopovich/Library/Mobile Documents/com~apple~CloudDocs/Documents/git/RS/Graphiql-app/src/components/common/ResponseSection/ResponseSection.tsx","statementMap":{"0":{"start":{"line":10,"column":56},"end":{"line":48,"column":1}},"1":{"start":{"line":15,"column":2},"end":{"line":15,"column":63}},"2":{"start":{"line":17,"column":21},"end":{"line":24,"column":3}},"3":{"start":{"line":18,"column":4},"end":{"line":23,"column":5}},"4":{"start":{"line":19,"column":19},"end":{"line":19,"column":41}},"5":{"start":{"line":20,"column":6},"end":{"line":20,"column":43}},"6":{"start":{"line":22,"column":6},"end":{"line":22,"column":24}},"7":{"start":{"line":26,"column":27},"end":{"line":35,"column":3}},"8":{"start":{"line":27,"column":4},"end":{"line":34,"column":5}},"9":{"start":{"line":28,"column":28},"end":{"line":28,"column":51}},"10":{"start":{"line":29,"column":29},"end":{"line":29,"column":53}},"11":{"start":{"line":30,"column":23},"end":{"line":30,"column":62}},"12":{"start":{"line":31,"column":6},"end":{"line":31,"column":47}},"13":{"start":{"line":33,"column":6},"end":{"line":33,"column":26}},"14":{"start":{"line":37,"column":2},"end":{"line":47,"column":4}}},"fnMap":{"0":{"name":"(anonymous_0)","decl":{"start":{"line":10,"column":56},"end":{"line":10,"column":57}},"loc":{"start":{"line":14,"column":6},"end":{"line":48,"column":1}},"line":14},"1":{"name":"(anonymous_1)","decl":{"start":{"line":15,"column":12},"end":{"line":15,"column":13}},"loc":{"start":{"line":15,"column":18},"end":{"line":15,"column":20}},"line":15},"2":{"name":"(anonymous_2)","decl":{"start":{"line":17,"column":21},"end":{"line":17,"column":22}},"loc":{"start":{"line":17,"column":53},"end":{"line":24,"column":3}},"line":17},"3":{"name":"(anonymous_3)","decl":{"start":{"line":26,"column":27},"end":{"line":26,"column":28}},"loc":{"start":{"line":26,"column":41},"end":{"line":35,"column":3}},"line":26}},"branchMap":{"0":{"loc":{"start":{"line":40,"column":17},"end":{"line":40,"column":63}},"type":"cond-expr","locations":[{"start":{"line":40,"column":39},"end":{"line":40,"column":49}},{"start":{"line":40,"column":52},"end":{"line":40,"column":63}}],"line":40},"1":{"loc":{"start":{"line":44,"column":14},"end":{"line":44,"column":68}},"type":"cond-expr","locations":[{"start":{"line":44,"column":29},"end":{"line":44,"column":47}},{"start":{"line":44,"column":50},"end":{"line":44,"column":68}}],"line":44}},"s":{"0":0,"1":0,"2":0,"3":0,"4":0,"5":0,"6":0,"7":0,"8":0,"9":0,"10":0,"11":0,"12":0,"13":0,"14":0},"f":{"0":0,"1":0,"2":0,"3":0},"b":{"0":[0,0],"1":[0,0]}}
,"/Users/alexandr_prokopovich/Library/Mobile Documents/com~apple~CloudDocs/Documents/git/RS/Graphiql-app/src/components/common/SendRequestButton/SendRequestButton.tsx": {"path":"/Users/alexandr_prokopovich/Library/Mobile Documents/com~apple~CloudDocs/Documents/git/RS/Graphiql-app/src/components/common/SendRequestButton/SendRequestButton.tsx","statementMap":{"0":{"start":{"line":4,"column":36},"end":{"line":10,"column":1}},"1":{"start":{"line":5,"column":2},"end":{"line":9,"column":4}}},"fnMap":{"0":{"name":"(anonymous_0)","decl":{"start":{"line":4,"column":36},"end":{"line":4,"column":37}},"loc":{"start":{"line":4,"column":42},"end":{"line":10,"column":1}},"line":4}},"branchMap":{},"s":{"0":0,"1":0},"f":{"0":0},"b":{}}
,"/Users/alexandr_prokopovich/Library/Mobile Documents/com~apple~CloudDocs/Documents/git/RS/Graphiql-app/src/components/common/UrlInput/UrlInput.tsx": {"path":"/Users/alexandr_prokopovich/Library/Mobile Documents/com~apple~CloudDocs/Documents/git/RS/Graphiql-app/src/components/common/UrlInput/UrlInput.tsx","statementMap":{"0":{"start":{"line":9,"column":42},"end":{"line":23,"column":1}},"1":{"start":{"line":10,"column":36},"end":{"line":10,"column":51}},"2":{"start":{"line":12,"column":2},"end":{"line":22,"column":4}},"3":{"start":{"line":16,"column":23},"end":{"line":16,"column":45}},"4":{"start":{"line":17,"column":21},"end":{"line":17,"column":39}},"5":{"start":{"line":18,"column":20},"end":{"line":18,"column":39}}},"fnMap":{"0":{"name":"(anonymous_0)","decl":{"start":{"line":9,"column":42},"end":{"line":9,"column":43}},"loc":{"start":{"line":9,"column":63},"end":{"line":23,"column":1}},"line":9},"1":{"name":"(anonymous_1)","decl":{"start":{"line":16,"column":16},"end":{"line":16,"column":17}},"loc":{"start":{"line":16,"column":23},"end":{"line":16,"column":45}},"line":16},"2":{"name":"(anonymous_2)","decl":{"start":{"line":17,"column":15},"end":{"line":17,"column":16}},"loc":{"start":{"line":17,"column":21},"end":{"line":17,"column":39}},"line":17},"3":{"name":"(anonymous_3)","decl":{"start":{"line":18,"column":14},"end":{"line":18,"column":15}},"loc":{"start":{"line":18,"column":20},"end":{"line":18,"column":39}},"line":18}},"branchMap":{"0":{"loc":{"start":{"line":20,"column":39},"end":{"line":20,"column":69}},"type":"cond-expr","locations":[{"start":{"line":20,"column":51},"end":{"line":20,"column":64}},{"start":{"line":20,"column":67},"end":{"line":20,"column":69}}],"line":20}},"s":{"0":0,"1":0,"2":0,"3":0,"4":0,"5":0},"f":{"0":0,"1":0,"2":0,"3":0},"b":{"0":[0,0]}}
,"/Users/alexandr_prokopovich/Library/Mobile Documents/com~apple~CloudDocs/Documents/git/RS/Graphiql-app/src/components/common/VariablesEditor/VariablesEditor.tsx": {"path":"/Users/alexandr_prokopovich/Library/Mobile Documents/com~apple~CloudDocs/Documents/git/RS/Graphiql-app/src/components/common/VariablesEditor/VariablesEditor.tsx","statementMap":{"0":{"start":{"line":16,"column":56},"end":{"line":86,"column":1}},"1":{"start":{"line":20,"column":22},"end":{"line":23,"column":3}},"2":{"start":{"line":21,"column":4},"end":{"line":21,"column":23}},"3":{"start":{"line":22,"column":4},"end":{"line":22,"column":57}},"4":{"start":{"line":25,"column":25},"end":{"line":39,"column":3}},"5":{"start":{"line":26,"column":21},"end":{"line":26,"column":59}},"6":{"start":{"line":28,"column":4},"end":{"line":33,"column":5}},"7":{"start":{"line":29,"column":6},"end":{"line":31,"column":9}},"8":{"start":{"line":32,"column":6},"end":{"line":32,"column":13}},"9":{"start":{"line":35,"column":29},"end":{"line":37,"column":5}},"10":{"start":{"line":36,"column":6},"end":{"line":36,"column":45}},"11":{"start":{"line":38,"column":4},"end":{"line":38,"column":35}},"12":{"start":{"line":41,"column":25},"end":{"line":44,"column":3}},"13":{"start":{"line":42,"column":29},"end":{"line":42,"column":68}},"14":{"start":{"line":42,"column":56},"end":{"line":42,"column":67}},"15":{"start":{"line":43,"column":4},"end":{"line":43,"column":35}},"16":{"start":{"line":46,"column":2},"end":{"line":85,"column":4}},"17":{"start":{"line":56,"column":8},"end":{"line":82,"column":14}},"18":{"start":{"line":63,"column":14},"end":{"line":63,"column":67}},"19":{"start":{"line":72,"column":14},"end":{"line":72,"column":65}},"20":{"start":{"line":78,"column":27},"end":{"line":78,"column":48}}},"fnMap":{"0":{"name":"(anonymous_0)","decl":{"start":{"line":16,"column":56},"end":{"line":16,"column":57}},"loc":{"start":{"line":19,"column":6},"end":{"line":86,"column":1}},"line":19},"1":{"name":"(anonymous_1)","decl":{"start":{"line":20,"column":22},"end":{"line":20,"column":23}},"loc":{"start":{"line":20,"column":47},"end":{"line":23,"column":3}},"line":20},"2":{"name":"(anonymous_2)","decl":{"start":{"line":25,"column":25},"end":{"line":25,"column":26}},"loc":{"start":{"line":25,"column":72},"end":{"line":39,"column":3}},"line":25},"3":{"name":"(anonymous_3)","decl":{"start":{"line":35,"column":43},"end":{"line":35,"column":44}},"loc":{"start":{"line":36,"column":6},"end":{"line":36,"column":45}},"line":36},"4":{"name":"(anonymous_4)","decl":{"start":{"line":41,"column":25},"end":{"line":41,"column":26}},"loc":{"start":{"line":41,"column":44},"end":{"line":44,"column":3}},"line":41},"5":{"name":"(anonymous_5)","decl":{"start":{"line":42,"column":46},"end":{"line":42,"column":47}},"loc":{"start":{"line":42,"column":56},"end":{"line":42,"column":67}},"line":42},"6":{"name":"(anonymous_6)","decl":{"start":{"line":55,"column":21},"end":{"line":55,"column":22}},"loc":{"start":{"line":56,"column":8},"end":{"line":82,"column":14}},"line":56},"7":{"name":"(anonymous_7)","decl":{"start":{"line":62,"column":22},"end":{"line":62,"column":23}},"loc":{"start":{"line":63,"column":14},"end":{"line":63,"column":67}},"line":63},"8":{"name":"(anonymous_8)","decl":{"start":{"line":71,"column":22},"end":{"line":71,"column":23}},"loc":{"start":{"line":72,"column":14},"end":{"line":72,"column":65}},"line":72},"9":{"name":"(anonymous_9)","decl":{"start":{"line":78,"column":21},"end":{"line":78,"column":22}},"loc":{"start":{"line":78,"column":27},"end":{"line":78,"column":48}},"line":78}},"branchMap":{"0":{"loc":{"start":{"line":28,"column":4},"end":{"line":33,"column":5}},"type":"if","locations":[{"start":{"line":28,"column":4},"end":{"line":33,"column":5}},{"start":{},"end":{}}],"line":28},"1":{"loc":{"start":{"line":36,"column":6},"end":{"line":36,"column":45}},"type":"cond-expr","locations":[{"start":{"line":36,"column":20},"end":{"line":36,"column":34}},{"start":{"line":36,"column":37},"end":{"line":36,"column":45}}],"line":36}},"s":{"0":0,"1":0,"2":0,"3":0,"4":0,"5":0,"6":0,"7":0,"8":0,"9":0,"10":0,"11":0,"12":0,"13":0,"14":0,"15":0,"16":0,"17":0,"18":0,"19":0,"20":0},"f":{"0":0,"1":0,"2":0,"3":0,"4":0,"5":0,"6":0,"7":0,"8":0,"9":0},"b":{"0":[0,0],"1":[0,0]}}
,"/Users/alexandr_prokopovich/Library/Mobile Documents/com~apple~CloudDocs/Documents/git/RS/Graphiql-app/src/hoc/withPrivateRoute.tsx": {"path":"/Users/alexandr_prokopovich/Library/Mobile Documents/com~apple~CloudDocs/Documents/git/RS/Graphiql-app/src/hoc/withPrivateRoute.tsx","statementMap":{"0":{"start":{"line":5,"column":25},"end":{"line":26,"column":1}},"1":{"start":{"line":6,"column":36},"end":{"line":21,"column":3}},"2":{"start":{"line":7,"column":19},"end":{"line":7,"column":30}},"3":{"start":{"line":8,"column":30},"end":{"line":8,"column":39}},"4":{"start":{"line":10,"column":4},"end":{"line":14,"column":24}},"5":{"start":{"line":11,"column":6},"end":{"line":13,"column":7}},"6":{"start":{"line":12,"column":8},"end":{"line":12,"column":25}},"7":{"start":{"line":16,"column":4},"end":{"line":18,"column":5}},"8":{"start":{"line":17,"column":6},"end":{"line":17,"column":35}},"9":{"start":{"line":20,"column":4},"end":{"line":20,"column":43}},"10":{"start":{"line":23,"column":2},"end":{"line":23,"column":134}},"11":{"start":{"line":25,"column":2},"end":{"line":25,"column":35}}},"fnMap":{"0":{"name":"(anonymous_0)","decl":{"start":{"line":5,"column":25},"end":{"line":5,"column":26}},"loc":{"start":{"line":5,"column":47},"end":{"line":26,"column":1}},"line":5},"1":{"name":"(anonymous_1)","decl":{"start":{"line":6,"column":36},"end":{"line":6,"column":37}},"loc":{"start":{"line":6,"column":47},"end":{"line":21,"column":3}},"line":6},"2":{"name":"(anonymous_2)","decl":{"start":{"line":10,"column":14},"end":{"line":10,"column":15}},"loc":{"start":{"line":10,"column":20},"end":{"line":14,"column":5}},"line":10}},"branchMap":{"0":{"loc":{"start":{"line":11,"column":6},"end":{"line":13,"column":7}},"type":"if","locations":[{"start":{"line":11,"column":6},"end":{"line":13,"column":7}},{"start":{},"end":{}}],"line":11},"1":{"loc":{"start":{"line":11,"column":10},"end":{"line":11,"column":27}},"type":"binary-expr","locations":[{"start":{"line":11,"column":10},"end":{"line":11,"column":18}},{"start":{"line":11,"column":22},"end":{"line":11,"column":27}}],"line":11},"2":{"loc":{"start":{"line":16,"column":4},"end":{"line":18,"column":5}},"type":"if","locations":[{"start":{"line":16,"column":4},"end":{"line":18,"column":5}},{"start":{},"end":{}}],"line":16},"3":{"loc":{"start":{"line":16,"column":8},"end":{"line":16,"column":24}},"type":"binary-expr","locations":[{"start":{"line":16,"column":8},"end":{"line":16,"column":15}},{"start":{"line":16,"column":19},"end":{"line":16,"column":24}}],"line":16},"4":{"loc":{"start":{"line":23,"column":62},"end":{"line":23,"column":130}},"type":"binary-expr","locations":[{"start":{"line":23,"column":62},"end":{"line":23,"column":90}},{"start":{"line":23,"column":94},"end":{"line":23,"column":115}},{"start":{"line":23,"column":119},"end":{"line":23,"column":130}}],"line":23}},"s":{"0":0,"1":0,"2":0,"3":0,"4":0,"5":0,"6":0,"7":0,"8":0,"9":0,"10":0,"11":0},"f":{"0":0,"1":0,"2":0},"b":{"0":[0,0],"1":[0,0],"2":[0,0],"3":[0,0],"4":[0,0,0]}}
[...]
,"/Users/alexandr_prokopovich/Library/Mobile Documents/com~apple~CloudDocs/Documents/git/RS/Graphiql-app/src/pages/_app.tsx": {"path":"/Users/alexandr_prokopovich/Library/Mobile Documents/com~apple~CloudDocs/Documents/git/RS/Graphiql-app/src/pages/_app.tsx","statementMap":{"0":{"start":{"line":8,"column":14},"end":{"line":19,"column":1}},"1":{"start":{"line":9,"column":2},"end":{"line":18,"column":4}}},"fnMap":{"0":{"name":"(anonymous_0)","decl":{"start":{"line":8,"column":14},"end":{"line":8,"column":15}},"loc":{"start":{"line":8,"column":54},"end":{"line":19,"column":1}},"line":8}},"branchMap":{},"s":{"0":0,"1":0},"f":{"0":0},"b":{}}
,"/Users/alexandr_prokopovich/Library/Mobile Documents/com~apple~CloudDocs/Documents/git/RS/Graphiql-app/src/pages/_document.tsx": {"path":"/Users/alexandr_prokopovich/Library/Mobile Documents/com~apple~CloudDocs/Documents/git/RS/Graphiql-app/src/pages/_document.tsx","statementMap":{"0":{"start":{"line":11,"column":25},"end":{"line":11,"column":60}},"1":{"start":{"line":12,"column":4},"end":{"line":12,"column":31}},"2":{"start":{"line":16,"column":4},"end":{"line":37,"column":6}}},"fnMap":{"0":{"name":"(anonymous_0)","decl":{"start":{"line":10,"column":2},"end":{"line":10,"column":3}},"loc":{"start":{"line":10,"column":53},"end":{"line":13,"column":3}},"line":10},"1":{"name":"(anonymous_1)","decl":{"start":{"line":15,"column":2},"end":{"line":15,"column":3}},"loc":{"start":{"line":15,"column":11},"end":{"line":38,"column":3}},"line":15}},"branchMap":{},"s":{"0":0,"1":0,"2":0},"f":{"0":0,"1":0},"b":{}}
,"/Users/alexandr_prokopovich/Library/Mobile Documents/com~apple~CloudDocs/Documents/git/RS/Graphiql-app/src/pages/history.tsx": {"path":"/Users/alexandr_prokopovich/Library/Mobile Documents/com~apple~CloudDocs/Documents/git/RS/Graphiql-app/src/pages/history.tsx","statementMap":{"0":{"start":{"line":5,"column":30},"end":{"line":11,"column":1}},"1":{"start":{"line":6,"column":2},"end":{"line":10,"column":4}},"2":{"start":{"line":13,"column":0},"end":{"line":13,"column":40}},"3":{"start":{"line":15,"column":27},"end":{"line":15,"column":56}}},"fnMap":{"0":{"name":"(anonymous_0)","decl":{"start":{"line":5,"column":30},"end":{"line":5,"column":31}},"loc":{"start":{"line":5,"column":36},"end":{"line":11,"column":1}},"line":5}},"branchMap":{},"s":{"0":0,"1":0,"2":0,"3":0},"f":{"0":0},"b":{}}
,"/Users/alexandr_prokopovich/Library/Mobile Documents/com~apple~CloudDocs/Documents/git/RS/Graphiql-app/src/pages/index.tsx": {"path":"/Users/alexandr_prokopovich/Library/Mobile Documents/com~apple~CloudDocs/Documents/git/RS/Graphiql-app/src/pages/index.tsx","statementMap":{"0":{"start":{"line":13,"column":30},"end":{"line":68,"column":1}},"1":{"start":{"line":14,"column":26},"end":{"line":14,"column":61}},"2":{"start":{"line":16,"column":2},"end":{"line":31,"column":9}},"3":{"start":{"line":17,"column":24},"end":{"line":28,"column":6}},"4":{"start":{"line":18,"column":6},"end":{"line":27,"column":7}},"5":{"start":{"line":19,"column":8},"end":{"line":19,"column":29}},"6":{"start":{"line":20,"column":27},"end":{"line":20,"column":60}},"7":{"start":{"line":21,"column":24},"end":{"line":21,"column":48}},"8":{"start":{"line":22,"column":8},"end":{"line":24,"column":9}},"9":{"start":{"line":23,"column":27},"end":{"line":23,"column":53}},"10":{"start":{"line":26,"column":8},"end":{"line":26,"column":22}},"11":{"start":{"line":30,"column":4},"end":{"line":30,"column":31}},"12":{"start":{"line":30,"column":17},"end":{"line":30,"column":30}},"13":{"start":{"line":33,"column":2},"end":{"line":67,"column":4}}},"fnMap":{"0":{"name":"(anonymous_0)","decl":{"start":{"line":13,"column":30},"end":{"line":13,"column":31}},"loc":{"start":{"line":13,"column":36},"end":{"line":68,"column":1}},"line":13},"1":{"name":"(anonymous_1)","decl":{"start":{"line":16,"column":12},"end":{"line":16,"column":13}},"loc":{"start":{"line":16,"column":18},"end":{"line":31,"column":3}},"line":16},"2":{"name":"(anonymous_2)","decl":{"start":{"line":17,"column":49},"end":{"line":17,"column":50}},"loc":{"start":{"line":17,"column":72},"end":{"line":28,"column":5}},"line":17},"3":{"name":"(anonymous_3)","decl":{"start":{"line":30,"column":11},"end":{"line":30,"column":12}},"loc":{"start":{"line":30,"column":17},"end":{"line":30,"column":30}},"line":30}},"branchMap":{"0":{"loc":{"start":{"line":18,"column":6},"end":{"line":27,"column":7}},"type":"if","locations":[{"start":{"line":18,"column":6},"end":{"line":27,"column":7}},{"start":{"line":25,"column":13},"end":{"line":27,"column":7}}],"line":18},"1":{"loc":{"start":{"line":22,"column":8},"end":{"line":24,"column":9}},"type":"if","locations":[{"start":{"line":22,"column":8},"end":{"line":24,"column":9}},{"start":{},"end":{}}],"line":22},"2":{"loc":{"start":{"line":36,"column":13},"end":{"line":36,"column":48}},"type":"cond-expr","locations":[{"start":{"line":36,"column":20},"end":{"line":36,"column":35}},{"start":{"line":36,"column":38},"end":{"line":36,"column":48}}],"line":36},"3":{"loc":{"start":{"line":39,"column":13},"end":{"line":48,"column":13}},"type":"cond-expr","locations":[{"start":{"line":39,"column":20},"end":{"line":39,"column":24}},{"start":{"line":40,"column":14},"end":{"line":47,"column":17}}],"line":39},"4":{"loc":{"start":{"line":50,"column":11},"end":{"line":62,"column":11}},"type":"binary-expr","locations":[{"start":{"line":50,"column":11},"end":{"line":50,"column":15}},{"start":{"line":51,"column":12},"end":{"line":61,"column":17}}],"line":50}},"s":{"0":0,"1":0,"2":0,"3":0,"4":0,"5":0,"6":0,"7":0,"8":0,"9":0,"10":0,"11":0,"12":0,"13":0},"f":{"0":0,"1":0,"2":0,"3":0},"b":{"0":[0,0],"1":[0,0],"2":[0,0],"3":[0,0],"4":[0,0]}}
,"/Users/alexandr_prokopovich/Library/Mobile Documents/com~apple~CloudDocs/Documents/git/RS/Graphiql-app/src/pages/restclient.tsx": {"path":"/Users/alexandr_prokopovich/Library/Mobile Documents/com~apple~CloudDocs/Documents/git/RS/Graphiql-app/src/pages/restclient.tsx","statementMap":{"0":{"start":{"line":5,"column":33},"end":{"line":17,"column":1}},"1":{"start":{"line":6,"column":2},"end":{"line":16,"column":4}},"2":{"start":{"line":19,"column":0},"end":{"line":19,"column":46}},"3":{"start":{"line":21,"column":30},"end":{"line":21,"column":62}}},"fnMap":{"0":{"name":"(anonymous_0)","decl":{"start":{"line":5,"column":33},"end":{"line":5,"column":34}},"loc":{"start":{"line":5,"column":39},"end":{"line":17,"column":1}},"line":5}},"branchMap":{},"s":{"0":1,"1":1,"2":1,"3":1},"f":{"0":1},"b":{},"_coverageSchema":"1a1c01bbd47fc00a2c39e90264f33305004495a9","hash":"9ca00e0e80ac1192ad29515350d217c84cf7ab05"}
,"/Users/alexandr_prokopovich/Library/Mobile Documents/com~apple~CloudDocs/Documents/git/RS/Graphiql-app/src/pages/signin.tsx": {"path":"/Users/alexandr_prokopovich/Library/Mobile Documents/com~apple~CloudDocs/Documents/git/RS/Graphiql-app/src/pages/signin.tsx","statementMap":{"0":{"start":{"line":3,"column":29},"end":{"line":5,"column":1}},"1":{"start":{"line":4,"column":2},"end":{"line":4,"column":24}}},"fnMap":{"0":{"name":"(anonymous_0)","decl":{"start":{"line":3,"column":29},"end":{"line":3,"column":30}},"loc":{"start":{"line":3,"column":35},"end":{"line":5,"column":1}},"line":3}},"branchMap":{},"s":{"0":0,"1":0},"f":{"0":0},"b":{}}
,"/Users/alexandr_prokopovich/Library/Mobile Documents/com~apple~CloudDocs/Documents/git/RS/Graphiql-app/src/pages/signup.tsx": {"path":"/Users/alexandr_prokopovich/Library/Mobile Documents/com~apple~CloudDocs/Documents/git/RS/Graphiql-app/src/pages/signup.tsx","statementMap":{"0":{"start":{"line":3,"column":29},"end":{"line":5,"column":1}},"1":{"start":{"line":4,"column":2},"end":{"line":4,"column":24}}},"fnMap":{"0":{"name":"(anonymous_0)","decl":{"start":{"line":3,"column":29},"end":{"line":3,"column":30}},"loc":{"start":{"line":3,"column":35},"end":{"line":5,"column":1}},"line":3}},"branchMap":{},"s":{"0":0,"1":0},"f":{"0":0},"b":{}}
,"/Users/alexandr_prokopovich/Library/Mobile Documents/com~apple~CloudDocs/Documents/git/RS/Graphiql-app/src/pages/[method]/[encodedUrl]/[[...encodedBody]].tsx": {"path":"/Users/alexandr_prokopovich/Library/Mobile Documents/com~apple~CloudDocs/Documents/git/RS/Graphiql-app/src/pages/[method]/[encodedUrl]/[[...encodedBody]].tsx","statementMap":{"0":{"start":{"line":16,"column":48},"end":{"line":42,"column":1}},"1":{"start":{"line":23,"column":2},"end":{"line":29,"column":14}},"2":{"start":{"line":24,"column":4},"end":{"line":28,"column":5}},"3":{"start":{"line":25,"column":6},"end":{"line":27,"column":9}},"4":{"start":{"line":31,"column":2},"end":{"line":41,"column":4}},"5":{"start":{"line":36,"column":76},"end":{"line":39,"column":7}},"6":{"start":{"line":44,"column":54},"end":{"line":76,"column":1}},"7":{"start":{"line":45,"column":2},"end":{"line":75,"column":3}},"8":{"start":{"line":46,"column":48},"end":{"line":46,"column":63}},"9":{"start":{"line":47,"column":16},"end":{"line":47,"column":50}},"10":{"start":{"line":48,"column":17},"end":{"line":50,"column":12}},"11":{"start":{"line":52,"column":44},"end":{"line":52,"column":46}},"12":{"start":{"line":53,"column":4},"end":{"line":55,"column":7}},"13":{"start":{"line":54,"column":6},"end":{"line":54,"column":50}},"14":{"start":{"line":57,"column":4},"end":{"line":64,"column":6}},"15":{"start":{"line":66,"column":4},"end":{"line":74,"column":6}},"16":{"start":{"line":78,"column":27},"end":{"line":78,"column":56}}},"fnMap":{"0":{"name":"(anonymous_0)","decl":{"start":{"line":16,"column":48},"end":{"line":16,"column":49}},"loc":{"start":{"line":22,"column":6},"end":{"line":42,"column":1}},"line":22},"1":{"name":"(anonymous_1)","decl":{"start":{"line":23,"column":12},"end":{"line":23,"column":13}},"loc":{"start":{"line":23,"column":18},"end":{"line":29,"column":3}},"line":23},"2":{"name":"(anonymous_2)","decl":{"start":{"line":36,"column":50},"end":{"line":36,"column":51}},"loc":{"start":{"line":36,"column":76},"end":{"line":39,"column":7}},"line":36},"3":{"name":"(anonymous_3)","decl":{"start":{"line":44,"column":54},"end":{"line":44,"column":55}},"loc":{"start":{"line":44,"column":73},"end":{"line":76,"column":1}},"line":44},"4":{"name":"(anonymous_4)","decl":{"start":{"line":53,"column":39},"end":{"line":53,"column":40}},"loc":{"start":{"line":53,"column":48},"end":{"line":55,"column":5}},"line":53}},"branchMap":{"0":{"loc":{"start":{"line":24,"column":4},"end":{"line":28,"column":5}},"type":"if","locations":[{"start":{"line":24,"column":4},"end":{"line":28,"column":5}},{"start":{},"end":{}}],"line":24},"1":{"loc":{"start":{"line":35,"column":19},"end":{"line":35,"column":29}},"type":"binary-expr","locations":[{"start":{"line":35,"column":19},"end":{"line":35,"column":23}},{"start":{"line":35,"column":27},"end":{"line":35,"column":29}}],"line":35},"2":{"loc":{"start":{"line":48,"column":17},"end":{"line":50,"column":12}},"type":"cond-expr","locations":[{"start":{"line":49,"column":8},"end":{"line":49,"column":57}},{"start":{"line":50,"column":8},"end":{"line":50,"column":12}}],"line":48},"3":{"loc":{"start":{"line":72,"column":15},"end":{"line":72,"column":56}},"type":"binary-expr","locations":[{"start":{"line":72,"column":15},"end":{"line":72,"column":28}},{"start":{"line":72,"column":32},"end":{"line":72,"column":56}}],"line":72}},"s":{"0":0,"1":0,"2":0,"3":0,"4":0,"5":0,"6":0,"7":0,"8":0,"9":0,"10":0,"11":0,"12":0,"13":0,"14":0,"15":0,"16":0},"f":{"0":0,"1":0,"2":0,"3":0,"4":0},"b":{"0":[0,0],"1":[0,0],"2":[0,0],"3":[0,0]}}
,"/Users/alexandr_prokopovich/Library/Mobile Documents/com~apple~CloudDocs/Documents/git/RS/Graphiql-app/src/pages/graphql/[[...slug]].tsx": {"path":"/Users/alexandr_prokopovich/Library/Mobile Documents/com~apple~CloudDocs/Documents/git/RS/Graphiql-app/src/pages/graphql/[[...slug]].tsx","statementMap":{"0":{"start":{"line":4,"column":31},"end":{"line":11,"column":1}},"1":{"start":{"line":5,"column":2},"end":{"line":10,"column":4}},"2":{"start":{"line":13,"column":0},"end":{"line":13,"column":42}},"3":{"start":{"line":15,"column":28},"end":{"line":15,"column":58}}},"fnMap":{"0":{"name":"(anonymous_0)","decl":{"start":{"line":4,"column":31},"end":{"line":4,"column":32}},"loc":{"start":{"line":4,"column":37},"end":{"line":11,"column":1}},"line":4}},"branchMap":{},"s":{"0":0,"1":0,"2":0,"3":0},"f":{"0":0},"b":{}}
,"/Users/alexandr_prokopovich/Library/Mobile Documents/com~apple~CloudDocs/Documents/git/RS/Graphiql-app/src/utils/createObjectFromKeyValuePairs.ts": {"path":"/Users/alexandr_prokopovich/Library/Mobile Documents/com~apple~CloudDocs/Documents/git/RS/Graphiql-app/src/utils/createObjectFromKeyValuePairs.ts","statementMap":{"0":{"start":{"line":1,"column":45},"end":{"line":11,"column":1}},"1":{"start":{"line":4,"column":2},"end":{"line":10,"column":4}},"2":{"start":{"line":6,"column":6},"end":{"line":6,"column":23}},"3":{"start":{"line":7,"column":6},"end":{"line":7,"column":17}}},"fnMap":{"0":{"name":"(anonymous_0)","decl":{"start":{"line":1,"column":45},"end":{"line":1,"column":46}},"loc":{"start":{"line":3,"column":5},"end":{"line":11,"column":1}},"line":3},"1":{"name":"(anonymous_1)","decl":{"start":{"line":5,"column":4},"end":{"line":5,"column":5}},"loc":{"start":{"line":5,"column":29},"end":{"line":8,"column":5}},"line":5}},"branchMap":{},"s":{"0":0,"1":0,"2":0,"3":0},"f":{"0":0,"1":0},"b":{}}
,"/Users/alexandr_prokopovich/Library/Mobile Documents/com~apple~CloudDocs/Documents/git/RS/Graphiql-app/src/utils/decodeBase64.ts": {"path":"/Users/alexandr_prokopovich/Library/Mobile Documents/com~apple~CloudDocs/Documents/git/RS/Graphiql-app/src/utils/decodeBase64.ts","statementMap":{"0":{"start":{"line":1,"column":28},"end":{"line":3,"column":1}},"1":{"start":{"line":2,"column":2},"end":{"line":2,"column":76}}},"fnMap":{"0":{"name":"(anonymous_0)","decl":{"start":{"line":1,"column":28},"end":{"line":1,"column":29}},"loc":{"start":{"line":1,"column":55},"end":{"line":3,"column":1}},"line":1}},"branchMap":{},"s":{"0":0,"1":0},"f":{"0":0},"b":{}}
,"/Users/alexandr_prokopovich/Library/Mobile Documents/com~apple~CloudDocs/Documents/git/RS/Graphiql-app/src/utils/encodeBase64.ts": {"path":"/Users/alexandr_prokopovich/Library/Mobile Documents/com~apple~CloudDocs/Documents/git/RS/Graphiql-app/src/utils/encodeBase64.ts","statementMap":{"0":{"start":{"line":1,"column":28},"end":{"line":3,"column":1}},"1":{"start":{"line":2,"column":2},"end":{"line":2,"column":56}}},"fnMap":{"0":{"name":"(anonymous_0)","decl":{"start":{"line":1,"column":28},"end":{"line":1,"column":29}},"loc":{"start":{"line":1,"column":55},"end":{"line":3,"column":1}},"line":1}},"branchMap":{},"s":{"0":0,"1":0},"f":{"0":0},"b":{}}
,"/Users/alexandr_prokopovich/Library/Mobile Documents/com~apple~CloudDocs/Documents/git/RS/Graphiql-app/src/utils/httpRequestUtils.ts": {"path":"/Users/alexandr_prokopovich/Library/Mobile Documents/com~apple~CloudDocs/Documents/git/RS/Graphiql-app/src/utils/httpRequestUtils.ts","statementMap":{"0":{"start":{"line":3,"column":26},"end":{"line":10,"column":1}},"1":{"start":{"line":4,"column":2},"end":{"line":9,"column":3}},"2":{"start":{"line":5,"column":22},"end":{"line":5,"column":34}},"3":{"start":{"line":6,"column":4},"end":{"line":6,"column":77}},"4":{"start":{"line":8,"column":4},"end":{"line":8,"column":17}},"5":{"start":{"line":12,"column":31},"end":{"line":19,"column":1}},"6":{"start":{"line":13,"column":2},"end":{"line":17,"column":3}},"7":{"start":{"line":14,"column":4},"end":{"line":16,"column":5}},"8":{"start":{"line":15,"column":6},"end":{"line":15,"column":19}},"9":{"start":{"line":18,"column":2},"end":{"line":18,"column":14}},"10":{"start":{"line":21,"column":36},"end":{"line":42,"column":1}},"11":{"start":{"line":26,"column":31},"end":{"line":35,"column":3}},"12":{"start":{"line":30,"column":8},"end":{"line":30,"column":39}},"13":{"start":{"line":31,"column":8},"end":{"line":31,"column":19}},"14":{"start":{"line":37,"column":2},"end":{"line":39,"column":3}},"15":{"start":{"line":38,"column":4},"end":{"line":38,"column":24}},"16":{"start":{"line":41,"column":2},"end":{"line":41,"column":17}},"17":{"start":{"line":44,"column":30},"end":{"line":52,"column":1}},"18":{"start":{"line":45,"column":15},"end":{"line":45,"column":36}},"19":{"start":{"line":46,"column":2},"end":{"line":51,"column":3}},"20":{"start":{"line":47,"column":17},"end":{"line":47,"column":33}},"21":{"start":{"line":48,"column":4},"end":{"line":48,"column":41}},"22":{"start":{"line":50,"column":4},"end":{"line":50,"column":16}}},"fnMap":{"0":{"name":"(anonymous_0)","decl":{"start":{"line":3,"column":26},"end":{"line":3,"column":27}},"loc":{"start":{"line":3,"column":52},"end":{"line":10,"column":1}},"line":3},"1":{"name":"(anonymous_1)","decl":{"start":{"line":12,"column":31},"end":{"line":12,"column":32}},"loc":{"start":{"line":12,"column":63},"end":{"line":19,"column":1}},"line":12},"2":{"name":"(anonymous_2)","decl":{"start":{"line":21,"column":36},"end":{"line":21,"column":37}},"loc":{"start":{"line":25,"column":18},"end":{"line":42,"column":1}},"line":25},"3":{"name":"(anonymous_3)","decl":{"start":{"line":29,"column":6},"end":{"line":29,"column":7}},"loc":{"start":{"line":29,"column":23},"end":{"line":32,"column":7}},"line":29},"4":{"name":"(anonymous_4)","decl":{"start":{"line":44,"column":30},"end":{"line":44,"column":31}},"loc":{"start":{"line":44,"column":77},"end":{"line":52,"column":1}},"line":44}},"branchMap":{"0":{"loc":{"start":{"line":6,"column":11},"end":{"line":6,"column":76}},"type":"binary-expr","locations":[{"start":{"line":6,"column":11},"end":{"line":6,"column":41}},{"start":{"line":6,"column":45},"end":{"line":6,"column":76}}],"line":6},"1":{"loc":{"start":{"line":14,"column":4},"end":{"line":16,"column":5}},"type":"if","locations":[{"start":{"line":14,"column":4},"end":{"line":16,"column":5}},{"start":{},"end":{}}],"line":14},"2":{"loc":{"start":{"line":14,"column":8},"end":{"line":14,"column":57}},"type":"binary-expr","locations":[{"start":{"line":14,"column":8},"end":{"line":14,"column":32}},{"start":{"line":14,"column":36},"end":{"line":14,"column":57}}],"line":14},"3":{"loc":{"start":{"line":27,"column":12},"end":{"line":27,"column":27}},"type":"binary-expr","locations":[{"start":{"line":27,"column":12},"end":{"line":27,"column":18}},{"start":{"line":27,"column":22},"end":{"line":27,"column":27}}],"line":27},"4":{"loc":{"start":{"line":37,"column":2},"end":{"line":39,"column":3}},"type":"if","locations":[{"start":{"line":37,"column":2},"end":{"line":39,"column":3}},{"start":{},"end":{}}],"line":37},"5":{"loc":{"start":{"line":37,"column":6},"end":{"line":37,"column":43}},"type":"binary-expr","locations":[{"start":{"line":37,"column":6},"end":{"line":37,"column":22}},{"start":{"line":37,"column":26},"end":{"line":37,"column":43}}],"line":37}},"s":{"0":0,"1":0,"2":0,"3":0,"4":0,"5":0,"6":0,"7":0,"8":0,"9":0,"10":0,"11":0,"12":0,"13":0,"14":0,"15":0,"16":0,"17":0,"18":0,"19":0,"20":0,"21":0,"22":0},"f":{"0":0,"1":0,"2":0,"3":0,"4":0},"b":{"0":[0,0],"1":[0,0],"2":[0,0],"3":[0,0],"4":[0,0],"5":[0,0]}}
,"/Users/alexandr_prokopovich/Library/Mobile Documents/com~apple~CloudDocs/Documents/git/RS/Graphiql-app/src/utils/validationSchema.ts": {"path":"/Users/alexandr_prokopovich/Library/Mobile Documents/com~apple~CloudDocs/Documents/git/RS/Graphiql-app/src/utils/validationSchema.ts","statementMap":{"0":{"start":{"line":3,"column":32},"end":{"line":18,"column":2}}},"fnMap":{},"branchMap":{},"s":{"0":0},"f":{},"b":{}}
}
